The system is: Linux - 4.4.0-45-generic - x86_64
Compiling the C compiler identification source file "CMakeCCompilerId.c" succeeded.
Compiler: /usr/bin/cc 
Build flags: 
Id flags: 

The output was:
0


Compilation of the C compiler identification source "CMakeCCompilerId.c" produced "a.out"

The C compiler identification is GNU, found in "/home/blue/Downloads/libRaptorQ-0.1.X/build/CMakeFiles/3.5.1/CompilerIdC/a.out"

Compiling the CXX compiler identification source file "CMakeCXXCompilerId.cpp" succeeded.
Compiler: /usr/bin/c++ 
Build flags: 
Id flags: 

The output was:
0


Compilation of the CXX compiler identification source "CMakeCXXCompilerId.cpp" produced "a.out"

The CXX compiler identification is GNU, found in "/home/blue/Downloads/libRaptorQ-0.1.X/build/CMakeFiles/3.5.1/CompilerIdCXX/a.out"

Determining if the C compiler works passed with the following output:
Change Dir: /home/blue/Downloads/libRaptorQ-0.1.X/build/CMakeFiles/CMakeTmp

Run Build Command:"/usr/bin/make" "cmTC_b0b18/fast"
/usr/bin/make -f CMakeFiles/cmTC_b0b18.dir/build.make CMakeFiles/cmTC_b0b18.dir/build
make[1]: Entering directory '/home/blue/Downloads/libRaptorQ-0.1.X/build/CMakeFiles/CMakeTmp'
Building C object CMakeFiles/cmTC_b0b18.dir/testCCompiler.c.o
/usr/bin/cc     -o CMakeFiles/cmTC_b0b18.dir/testCCompiler.c.o   -c /home/blue/Downloads/libRaptorQ-0.1.X/build/CMakeFiles/CMakeTmp/testCCompiler.c
Linking C executable cmTC_b0b18
/usr/bin/cmake -E cmake_link_script CMakeFiles/cmTC_b0b18.dir/link.txt --verbose=1
/usr/bin/cc       CMakeFiles/cmTC_b0b18.dir/testCCompiler.c.o  -o cmTC_b0b18 -rdynamic 
make[1]: Leaving directory '/home/blue/Downloads/libRaptorQ-0.1.X/build/CMakeFiles/CMakeTmp'


Detecting C compiler ABI info compiled with the following output:
Change Dir: /home/blue/Downloads/libRaptorQ-0.1.X/build/CMakeFiles/CMakeTmp

Run Build Command:"/usr/bin/make" "cmTC_43458/fast"
/usr/bin/make -f CMakeFiles/cmTC_43458.dir/build.make CMakeFiles/cmTC_43458.dir/build
make[1]: Entering directory '/home/blue/Downloads/libRaptorQ-0.1.X/build/CMakeFiles/CMakeTmp'
Building C object CMakeFiles/cmTC_43458.dir/CMakeCCompilerABI.c.o
/usr/bin/cc     -o CMakeFiles/cmTC_43458.dir/CMakeCCompilerABI.c.o   -c /usr/share/cmake-3.5/Modules/CMakeCCompilerABI.c
Linking C executable cmTC_43458
/usr/bin/cmake -E cmake_link_script CMakeFiles/cmTC_43458.dir/link.txt --verbose=1
/usr/bin/cc      -v CMakeFiles/cmTC_43458.dir/CMakeCCompilerABI.c.o  -o cmTC_43458 -rdynamic  
Using built-in specs.
COLLECT_GCC=/usr/bin/cc
COLLECT_LTO_WRAPPER=/usr/lib/gcc/x86_64-linux-gnu/5/lto-wrapper
Target: x86_64-linux-gnu
Configured with: ../src/configure -v --with-pkgversion='Ubuntu 5.4.0-6ubuntu1~16.04.2' --with-bugurl=file:///usr/share/doc/gcc-5/README.Bugs --enable-languages=c,ada,c++,java,go,d,fortran,objc,obj-c++ --prefix=/usr --program-suffix=-5 --enable-shared --enable-linker-build-id --libexecdir=/usr/lib --without-included-gettext --enable-threads=posix --libdir=/usr/lib --enable-nls --with-sysroot=/ --enable-clocale=gnu --enable-libstdcxx-debug --enable-libstdcxx-time=yes --with-default-libstdcxx-abi=new --enable-gnu-unique-object --disable-vtable-verify --enable-libmpx --enable-plugin --with-system-zlib --disable-browser-plugin --enable-java-awt=gtk --enable-gtk-cairo --with-java-home=/usr/lib/jvm/java-1.5.0-gcj-5-amd64/jre --enable-java-home --with-jvm-root-dir=/usr/lib/jvm/java-1.5.0-gcj-5-amd64 --with-jvm-jar-dir=/usr/lib/jvm-exports/java-1.5.0-gcj-5-amd64 --with-arch-directory=amd64 --with-ecj-jar=/usr/share/java/eclipse-ecj.jar --enable-objc-gc --enable-multiarch --disable-werror --with-arch-32=i686 --with-abi=m64 --with-multilib-list=m32,m64,mx32 --enable-multilib --with-tune=generic --enable-checking=release --build=x86_64-linux-gnu --host=x86_64-linux-gnu --target=x86_64-linux-gnu
Thread model: posix
gcc version 5.4.0 20160609 (Ubuntu 5.4.0-6ubuntu1~16.04.2) 
COMPILER_PATH=/usr/lib/gcc/x86_64-linux-gnu/5/:/usr/lib/gcc/x86_64-linux-gnu/5/:/usr/lib/gcc/x86_64-linux-gnu/:/usr/lib/gcc/x86_64-linux-gnu/5/:/usr/lib/gcc/x86_64-linux-gnu/
LIBRARY_PATH=/usr/lib/gcc/x86_64-linux-gnu/5/:/usr/lib/gcc/x86_64-linux-gnu/5/../../../x86_64-linux-gnu/:/usr/lib/gcc/x86_64-linux-gnu/5/../../../../lib/:/lib/x86_64-linux-gnu/:/lib/../lib/:/usr/lib/x86_64-linux-gnu/:/usr/lib/../lib/:/usr/lib/gcc/x86_64-linux-gnu/5/../../../:/lib/:/usr/lib/
COLLECT_GCC_OPTIONS='-v' '-o' 'cmTC_43458' '-rdynamic' '-mtune=generic' '-march=x86-64'
 /usr/lib/gcc/x86_64-linux-gnu/5/collect2 -plugin /usr/lib/gcc/x86_64-linux-gnu/5/liblto_plugin.so -plugin-opt=/usr/lib/gcc/x86_64-linux-gnu/5/lto-wrapper -plugin-opt=-fresolution=/tmp/cc1rbBlF.res -plugin-opt=-pass-through=-lgcc -plugin-opt=-pass-through=-lgcc_s -plugin-opt=-pass-through=-lc -plugin-opt=-pass-through=-lgcc -plugin-opt=-pass-through=-lgcc_s --sysroot=/ --build-id --eh-frame-hdr -m elf_x86_64 --hash-style=gnu --as-needed -export-dynamic -dynamic-linker /lib64/ld-linux-x86-64.so.2 -z relro -o cmTC_43458 /usr/lib/gcc/x86_64-linux-gnu/5/../../../x86_64-linux-gnu/crt1.o /usr/lib/gcc/x86_64-linux-gnu/5/../../../x86_64-linux-gnu/crti.o /usr/lib/gcc/x86_64-linux-gnu/5/crtbegin.o -L/usr/lib/gcc/x86_64-linux-gnu/5 -L/usr/lib/gcc/x86_64-linux-gnu/5/../../../x86_64-linux-gnu -L/usr/lib/gcc/x86_64-linux-gnu/5/../../../../lib -L/lib/x86_64-linux-gnu -L/lib/../lib -L/usr/lib/x86_64-linux-gnu -L/usr/lib/../lib -L/usr/lib/gcc/x86_64-linux-gnu/5/../../.. CMakeFiles/cmTC_43458.dir/CMakeCCompilerABI.c.o -lgcc --as-needed -lgcc_s --no-as-needed -lc -lgcc --as-needed -lgcc_s --no-as-needed /usr/lib/gcc/x86_64-linux-gnu/5/crtend.o /usr/lib/gcc/x86_64-linux-gnu/5/../../../x86_64-linux-gnu/crtn.o
make[1]: Leaving directory '/home/blue/Downloads/libRaptorQ-0.1.X/build/CMakeFiles/CMakeTmp'


Parsed C implicit link information from above output:
  link line regex: [^( *|.*[/\])(ld|([^/\]+-)?ld|collect2)[^/\]*( |$)]
  ignore line: [Change Dir: /home/blue/Downloads/libRaptorQ-0.1.X/build/CMakeFiles/CMakeTmp]
  ignore line: []
  ignore line: [Run Build Command:"/usr/bin/make" "cmTC_43458/fast"]
  ignore line: [/usr/bin/make -f CMakeFiles/cmTC_43458.dir/build.make CMakeFiles/cmTC_43458.dir/build]
  ignore line: [make[1]: Entering directory '/home/blue/Downloads/libRaptorQ-0.1.X/build/CMakeFiles/CMakeTmp']
  ignore line: [Building C object CMakeFiles/cmTC_43458.dir/CMakeCCompilerABI.c.o]
  ignore line: [/usr/bin/cc     -o CMakeFiles/cmTC_43458.dir/CMakeCCompilerABI.c.o   -c /usr/share/cmake-3.5/Modules/CMakeCCompilerABI.c]
  ignore line: [Linking C executable cmTC_43458]
  ignore line: [/usr/bin/cmake -E cmake_link_script CMakeFiles/cmTC_43458.dir/link.txt --verbose=1]
  ignore line: [/usr/bin/cc      -v CMakeFiles/cmTC_43458.dir/CMakeCCompilerABI.c.o  -o cmTC_43458 -rdynamic  ]
  ignore line: [Using built-in specs.]
  ignore line: [COLLECT_GCC=/usr/bin/cc]
  ignore line: [COLLECT_LTO_WRAPPER=/usr/lib/gcc/x86_64-linux-gnu/5/lto-wrapper]
  ignore line: [Target: x86_64-linux-gnu]
  ignore line: [Configured with: ../src/configure -v --with-pkgversion='Ubuntu 5.4.0-6ubuntu1~16.04.2' --with-bugurl=file:///usr/share/doc/gcc-5/README.Bugs --enable-languages=c,ada,c++,java,go,d,fortran,objc,obj-c++ --prefix=/usr --program-suffix=-5 --enable-shared --enable-linker-build-id --libexecdir=/usr/lib --without-included-gettext --enable-threads=posix --libdir=/usr/lib --enable-nls --with-sysroot=/ --enable-clocale=gnu --enable-libstdcxx-debug --enable-libstdcxx-time=yes --with-default-libstdcxx-abi=new --enable-gnu-unique-object --disable-vtable-verify --enable-libmpx --enable-plugin --with-system-zlib --disable-browser-plugin --enable-java-awt=gtk --enable-gtk-cairo --with-java-home=/usr/lib/jvm/java-1.5.0-gcj-5-amd64/jre --enable-java-home --with-jvm-root-dir=/usr/lib/jvm/java-1.5.0-gcj-5-amd64 --with-jvm-jar-dir=/usr/lib/jvm-exports/java-1.5.0-gcj-5-amd64 --with-arch-directory=amd64 --with-ecj-jar=/usr/share/java/eclipse-ecj.jar --enable-objc-gc --enable-multiarch --disable-werror --with-arch-32=i686 --with-abi=m64 --with-multilib-list=m32,m64,mx32 --enable-multilib --with-tune=generic --enable-checking=release --build=x86_64-linux-gnu --host=x86_64-linux-gnu --target=x86_64-linux-gnu]
  ignore line: [Thread model: posix]
  ignore line: [gcc version 5.4.0 20160609 (Ubuntu 5.4.0-6ubuntu1~16.04.2) ]
  ignore line: [COMPILER_PATH=/usr/lib/gcc/x86_64-linux-gnu/5/:/usr/lib/gcc/x86_64-linux-gnu/5/:/usr/lib/gcc/x86_64-linux-gnu/:/usr/lib/gcc/x86_64-linux-gnu/5/:/usr/lib/gcc/x86_64-linux-gnu/]
  ignore line: [LIBRARY_PATH=/usr/lib/gcc/x86_64-linux-gnu/5/:/usr/lib/gcc/x86_64-linux-gnu/5/../../../x86_64-linux-gnu/:/usr/lib/gcc/x86_64-linux-gnu/5/../../../../lib/:/lib/x86_64-linux-gnu/:/lib/../lib/:/usr/lib/x86_64-linux-gnu/:/usr/lib/../lib/:/usr/lib/gcc/x86_64-linux-gnu/5/../../../:/lib/:/usr/lib/]
  ignore line: [COLLECT_GCC_OPTIONS='-v' '-o' 'cmTC_43458' '-rdynamic' '-mtune=generic' '-march=x86-64']
  link line: [ /usr/lib/gcc/x86_64-linux-gnu/5/collect2 -plugin /usr/lib/gcc/x86_64-linux-gnu/5/liblto_plugin.so -plugin-opt=/usr/lib/gcc/x86_64-linux-gnu/5/lto-wrapper -plugin-opt=-fresolution=/tmp/cc1rbBlF.res -plugin-opt=-pass-through=-lgcc -plugin-opt=-pass-through=-lgcc_s -plugin-opt=-pass-through=-lc -plugin-opt=-pass-through=-lgcc -plugin-opt=-pass-through=-lgcc_s --sysroot=/ --build-id --eh-frame-hdr -m elf_x86_64 --hash-style=gnu --as-needed -export-dynamic -dynamic-linker /lib64/ld-linux-x86-64.so.2 -z relro -o cmTC_43458 /usr/lib/gcc/x86_64-linux-gnu/5/../../../x86_64-linux-gnu/crt1.o /usr/lib/gcc/x86_64-linux-gnu/5/../../../x86_64-linux-gnu/crti.o /usr/lib/gcc/x86_64-linux-gnu/5/crtbegin.o -L/usr/lib/gcc/x86_64-linux-gnu/5 -L/usr/lib/gcc/x86_64-linux-gnu/5/../../../x86_64-linux-gnu -L/usr/lib/gcc/x86_64-linux-gnu/5/../../../../lib -L/lib/x86_64-linux-gnu -L/lib/../lib -L/usr/lib/x86_64-linux-gnu -L/usr/lib/../lib -L/usr/lib/gcc/x86_64-linux-gnu/5/../../.. CMakeFiles/cmTC_43458.dir/CMakeCCompilerABI.c.o -lgcc --as-needed -lgcc_s --no-as-needed -lc -lgcc --as-needed -lgcc_s --no-as-needed /usr/lib/gcc/x86_64-linux-gnu/5/crtend.o /usr/lib/gcc/x86_64-linux-gnu/5/../../../x86_64-linux-gnu/crtn.o]
    arg [/usr/lib/gcc/x86_64-linux-gnu/5/collect2] ==> ignore
    arg [-plugin] ==> ignore
    arg [/usr/lib/gcc/x86_64-linux-gnu/5/liblto_plugin.so] ==> ignore
    arg [-plugin-opt=/usr/lib/gcc/x86_64-linux-gnu/5/lto-wrapper] ==> ignore
    arg [-plugin-opt=-fresolution=/tmp/cc1rbBlF.res] ==> ignore
    arg [-plugin-opt=-pass-through=-lgcc] ==> ignore
    arg [-plugin-opt=-pass-through=-lgcc_s] ==> ignore
    arg [-plugin-opt=-pass-through=-lc] ==> ignore
    arg [-plugin-opt=-pass-through=-lgcc] ==> ignore
    arg [-plugin-opt=-pass-through=-lgcc_s] ==> ignore
    arg [--sysroot=/] ==> ignore
    arg [--build-id] ==> ignore
    arg [--eh-frame-hdr] ==> ignore
    arg [-m] ==> ignore
    arg [elf_x86_64] ==> ignore
    arg [--hash-style=gnu] ==> ignore
    arg [--as-needed] ==> ignore
    arg [-export-dynamic] ==> ignore
    arg [-dynamic-linker] ==> ignore
    arg [/lib64/ld-linux-x86-64.so.2] ==> ignore
    arg [-zrelro] ==> ignore
    arg [-o] ==> ignore
    arg [cmTC_43458] ==> ignore
    arg [/usr/lib/gcc/x86_64-linux-gnu/5/../../../x86_64-linux-gnu/crt1.o] ==> ignore
    arg [/usr/lib/gcc/x86_64-linux-gnu/5/../../../x86_64-linux-gnu/crti.o] ==> ignore
    arg [/usr/lib/gcc/x86_64-linux-gnu/5/crtbegin.o] ==> ignore
    arg [-L/usr/lib/gcc/x86_64-linux-gnu/5] ==> dir [/usr/lib/gcc/x86_64-linux-gnu/5]
    arg [-L/usr/lib/gcc/x86_64-linux-gnu/5/../../../x86_64-linux-gnu] ==> dir [/usr/lib/gcc/x86_64-linux-gnu/5/../../../x86_64-linux-gnu]
    arg [-L/usr/lib/gcc/x86_64-linux-gnu/5/../../../../lib] ==> dir [/usr/lib/gcc/x86_64-linux-gnu/5/../../../../lib]
    arg [-L/lib/x86_64-linux-gnu] ==> dir [/lib/x86_64-linux-gnu]
    arg [-L/lib/../lib] ==> dir [/lib/../lib]
    arg [-L/usr/lib/x86_64-linux-gnu] ==> dir [/usr/lib/x86_64-linux-gnu]
    arg [-L/usr/lib/../lib] ==> dir [/usr/lib/../lib]
    arg [-L/usr/lib/gcc/x86_64-linux-gnu/5/../../..] ==> dir [/usr/lib/gcc/x86_64-linux-gnu/5/../../..]
    arg [CMakeFiles/cmTC_43458.dir/CMakeCCompilerABI.c.o] ==> ignore
    arg [-lgcc] ==> lib [gcc]
    arg [--as-needed] ==> ignore
    arg [-lgcc_s] ==> lib [gcc_s]
    arg [--no-as-needed] ==> ignore
    arg [-lc] ==> lib [c]
    arg [-lgcc] ==> lib [gcc]
    arg [--as-needed] ==> ignore
    arg [-lgcc_s] ==> lib [gcc_s]
    arg [--no-as-needed] ==> ignore
    arg [/usr/lib/gcc/x86_64-linux-gnu/5/crtend.o] ==> ignore
    arg [/usr/lib/gcc/x86_64-linux-gnu/5/../../../x86_64-linux-gnu/crtn.o] ==> ignore
  remove lib [gcc]
  remove lib [gcc_s]
  remove lib [gcc]
  remove lib [gcc_s]
  collapse library dir [/usr/lib/gcc/x86_64-linux-gnu/5] ==> [/usr/lib/gcc/x86_64-linux-gnu/5]
  collapse library dir [/usr/lib/gcc/x86_64-linux-gnu/5/../../../x86_64-linux-gnu] ==> [/usr/lib/x86_64-linux-gnu]
  collapse library dir [/usr/lib/gcc/x86_64-linux-gnu/5/../../../../lib] ==> [/usr/lib]
  collapse library dir [/lib/x86_64-linux-gnu] ==> [/lib/x86_64-linux-gnu]
  collapse library dir [/lib/../lib] ==> [/lib]
  collapse library dir [/usr/lib/x86_64-linux-gnu] ==> [/usr/lib/x86_64-linux-gnu]
  collapse library dir [/usr/lib/../lib] ==> [/usr/lib]
  collapse library dir [/usr/lib/gcc/x86_64-linux-gnu/5/../../..] ==> [/usr/lib]
  implicit libs: [c]
  implicit dirs: [/usr/lib/gcc/x86_64-linux-gnu/5;/usr/lib/x86_64-linux-gnu;/usr/lib;/lib/x86_64-linux-gnu;/lib]
  implicit fwks: []




Detecting C [-std=c11] compiler features compiled with the following output:
Change Dir: /home/blue/Downloads/libRaptorQ-0.1.X/build/CMakeFiles/CMakeTmp

Run Build Command:"/usr/bin/make" "cmTC_e41d0/fast"
/usr/bin/make -f CMakeFiles/cmTC_e41d0.dir/build.make CMakeFiles/cmTC_e41d0.dir/build
make[1]: Entering directory '/home/blue/Downloads/libRaptorQ-0.1.X/build/CMakeFiles/CMakeTmp'
Building C object CMakeFiles/cmTC_e41d0.dir/feature_tests.c.o
/usr/bin/cc    -std=c11 -o CMakeFiles/cmTC_e41d0.dir/feature_tests.c.o   -c /home/blue/Downloads/libRaptorQ-0.1.X/build/CMakeFiles/feature_tests.c
Linking C executable cmTC_e41d0
/usr/bin/cmake -E cmake_link_script CMakeFiles/cmTC_e41d0.dir/link.txt --verbose=1
/usr/bin/cc       CMakeFiles/cmTC_e41d0.dir/feature_tests.c.o  -o cmTC_e41d0 -rdynamic 
make[1]: Leaving directory '/home/blue/Downloads/libRaptorQ-0.1.X/build/CMakeFiles/CMakeTmp'


    Feature record: C_FEATURE:1c_function_prototypes
    Feature record: C_FEATURE:1c_restrict
    Feature record: C_FEATURE:1c_static_assert
    Feature record: C_FEATURE:1c_variadic_macros


Detecting C [-std=c99] compiler features compiled with the following output:
Change Dir: /home/blue/Downloads/libRaptorQ-0.1.X/build/CMakeFiles/CMakeTmp

Run Build Command:"/usr/bin/make" "cmTC_82c40/fast"
/usr/bin/make -f CMakeFiles/cmTC_82c40.dir/build.make CMakeFiles/cmTC_82c40.dir/build
make[1]: Entering directory '/home/blue/Downloads/libRaptorQ-0.1.X/build/CMakeFiles/CMakeTmp'
Building C object CMakeFiles/cmTC_82c40.dir/feature_tests.c.o
/usr/bin/cc    -std=c99 -o CMakeFiles/cmTC_82c40.dir/feature_tests.c.o   -c /home/blue/Downloads/libRaptorQ-0.1.X/build/CMakeFiles/feature_tests.c
Linking C executable cmTC_82c40
/usr/bin/cmake -E cmake_link_script CMakeFiles/cmTC_82c40.dir/link.txt --verbose=1
/usr/bin/cc       CMakeFiles/cmTC_82c40.dir/feature_tests.c.o  -o cmTC_82c40 -rdynamic 
make[1]: Leaving directory '/home/blue/Downloads/libRaptorQ-0.1.X/build/CMakeFiles/CMakeTmp'


    Feature record: C_FEATURE:1c_function_prototypes
    Feature record: C_FEATURE:1c_restrict
    Feature record: C_FEATURE:0c_static_assert
    Feature record: C_FEATURE:1c_variadic_macros


Detecting C [-std=c90] compiler features compiled with the following output:
Change Dir: /home/blue/Downloads/libRaptorQ-0.1.X/build/CMakeFiles/CMakeTmp

Run Build Command:"/usr/bin/make" "cmTC_5799e/fast"
/usr/bin/make -f CMakeFiles/cmTC_5799e.dir/build.make CMakeFiles/cmTC_5799e.dir/build
make[1]: Entering directory '/home/blue/Downloads/libRaptorQ-0.1.X/build/CMakeFiles/CMakeTmp'
Building C object CMakeFiles/cmTC_5799e.dir/feature_tests.c.o
/usr/bin/cc    -std=c90 -o CMakeFiles/cmTC_5799e.dir/feature_tests.c.o   -c /home/blue/Downloads/libRaptorQ-0.1.X/build/CMakeFiles/feature_tests.c
Linking C executable cmTC_5799e
/usr/bin/cmake -E cmake_link_script CMakeFiles/cmTC_5799e.dir/link.txt --verbose=1
/usr/bin/cc       CMakeFiles/cmTC_5799e.dir/feature_tests.c.o  -o cmTC_5799e -rdynamic 
make[1]: Leaving directory '/home/blue/Downloads/libRaptorQ-0.1.X/build/CMakeFiles/CMakeTmp'


    Feature record: C_FEATURE:1c_function_prototypes
    Feature record: C_FEATURE:0c_restrict
    Feature record: C_FEATURE:0c_static_assert
    Feature record: C_FEATURE:0c_variadic_macros
Determining if the CXX compiler works passed with the following output:
Change Dir: /home/blue/Downloads/libRaptorQ-0.1.X/build/CMakeFiles/CMakeTmp

Run Build Command:"/usr/bin/make" "cmTC_1a9b2/fast"
/usr/bin/make -f CMakeFiles/cmTC_1a9b2.dir/build.make CMakeFiles/cmTC_1a9b2.dir/build
make[1]: Entering directory '/home/blue/Downloads/libRaptorQ-0.1.X/build/CMakeFiles/CMakeTmp'
Building CXX object CMakeFiles/cmTC_1a9b2.dir/testCXXCompiler.cxx.o
/usr/bin/c++      -o CMakeFiles/cmTC_1a9b2.dir/testCXXCompiler.cxx.o -c /home/blue/Downloads/libRaptorQ-0.1.X/build/CMakeFiles/CMakeTmp/testCXXCompiler.cxx
Linking CXX executable cmTC_1a9b2
/usr/bin/cmake -E cmake_link_script CMakeFiles/cmTC_1a9b2.dir/link.txt --verbose=1
/usr/bin/c++        CMakeFiles/cmTC_1a9b2.dir/testCXXCompiler.cxx.o  -o cmTC_1a9b2 -rdynamic 
make[1]: Leaving directory '/home/blue/Downloads/libRaptorQ-0.1.X/build/CMakeFiles/CMakeTmp'


Detecting CXX compiler ABI info compiled with the following output:
Change Dir: /home/blue/Downloads/libRaptorQ-0.1.X/build/CMakeFiles/CMakeTmp

Run Build Command:"/usr/bin/make" "cmTC_cd0ea/fast"
/usr/bin/make -f CMakeFiles/cmTC_cd0ea.dir/build.make CMakeFiles/cmTC_cd0ea.dir/build
make[1]: Entering directory '/home/blue/Downloads/libRaptorQ-0.1.X/build/CMakeFiles/CMakeTmp'
Building CXX object CMakeFiles/cmTC_cd0ea.dir/CMakeCXXCompilerABI.cpp.o
/usr/bin/c++      -o CMakeFiles/cmTC_cd0ea.dir/CMakeCXXCompilerABI.cpp.o -c /usr/share/cmake-3.5/Modules/CMakeCXXCompilerABI.cpp
Linking CXX executable cmTC_cd0ea
/usr/bin/cmake -E cmake_link_script CMakeFiles/cmTC_cd0ea.dir/link.txt --verbose=1
/usr/bin/c++       -v CMakeFiles/cmTC_cd0ea.dir/CMakeCXXCompilerABI.cpp.o  -o cmTC_cd0ea -rdynamic  
Using built-in specs.
COLLECT_GCC=/usr/bin/c++
COLLECT_LTO_WRAPPER=/usr/lib/gcc/x86_64-linux-gnu/5/lto-wrapper
Target: x86_64-linux-gnu
Configured with: ../src/configure -v --with-pkgversion='Ubuntu 5.4.0-6ubuntu1~16.04.2' --with-bugurl=file:///usr/share/doc/gcc-5/README.Bugs --enable-languages=c,ada,c++,java,go,d,fortran,objc,obj-c++ --prefix=/usr --program-suffix=-5 --enable-shared --enable-linker-build-id --libexecdir=/usr/lib --without-included-gettext --enable-threads=posix --libdir=/usr/lib --enable-nls --with-sysroot=/ --enable-clocale=gnu --enable-libstdcxx-debug --enable-libstdcxx-time=yes --with-default-libstdcxx-abi=new --enable-gnu-unique-object --disable-vtable-verify --enable-libmpx --enable-plugin --with-system-zlib --disable-browser-plugin --enable-java-awt=gtk --enable-gtk-cairo --with-java-home=/usr/lib/jvm/java-1.5.0-gcj-5-amd64/jre --enable-java-home --with-jvm-root-dir=/usr/lib/jvm/java-1.5.0-gcj-5-amd64 --with-jvm-jar-dir=/usr/lib/jvm-exports/java-1.5.0-gcj-5-amd64 --with-arch-directory=amd64 --with-ecj-jar=/usr/share/java/eclipse-ecj.jar --enable-objc-gc --enable-multiarch --disable-werror --with-arch-32=i686 --with-abi=m64 --with-multilib-list=m32,m64,mx32 --enable-multilib --with-tune=generic --enable-checking=release --build=x86_64-linux-gnu --host=x86_64-linux-gnu --target=x86_64-linux-gnu
Thread model: posix
gcc version 5.4.0 20160609 (Ubuntu 5.4.0-6ubuntu1~16.04.2) 
COMPILER_PATH=/usr/lib/gcc/x86_64-linux-gnu/5/:/usr/lib/gcc/x86_64-linux-gnu/5/:/usr/lib/gcc/x86_64-linux-gnu/:/usr/lib/gcc/x86_64-linux-gnu/5/:/usr/lib/gcc/x86_64-linux-gnu/
LIBRARY_PATH=/usr/lib/gcc/x86_64-linux-gnu/5/:/usr/lib/gcc/x86_64-linux-gnu/5/../../../x86_64-linux-gnu/:/usr/lib/gcc/x86_64-linux-gnu/5/../../../../lib/:/lib/x86_64-linux-gnu/:/lib/../lib/:/usr/lib/x86_64-linux-gnu/:/usr/lib/../lib/:/usr/lib/gcc/x86_64-linux-gnu/5/../../../:/lib/:/usr/lib/
COLLECT_GCC_OPTIONS='-v' '-o' 'cmTC_cd0ea' '-rdynamic' '-shared-libgcc' '-mtune=generic' '-march=x86-64'
 /usr/lib/gcc/x86_64-linux-gnu/5/collect2 -plugin /usr/lib/gcc/x86_64-linux-gnu/5/liblto_plugin.so -plugin-opt=/usr/lib/gcc/x86_64-linux-gnu/5/lto-wrapper -plugin-opt=-fresolution=/tmp/cc2I2a89.res -plugin-opt=-pass-through=-lgcc_s -plugin-opt=-pass-through=-lgcc -plugin-opt=-pass-through=-lc -plugin-opt=-pass-through=-lgcc_s -plugin-opt=-pass-through=-lgcc --sysroot=/ --build-id --eh-frame-hdr -m elf_x86_64 --hash-style=gnu --as-needed -export-dynamic -dynamic-linker /lib64/ld-linux-x86-64.so.2 -z relro -o cmTC_cd0ea /usr/lib/gcc/x86_64-linux-gnu/5/../../../x86_64-linux-gnu/crt1.o /usr/lib/gcc/x86_64-linux-gnu/5/../../../x86_64-linux-gnu/crti.o /usr/lib/gcc/x86_64-linux-gnu/5/crtbegin.o -L/usr/lib/gcc/x86_64-linux-gnu/5 -L/usr/lib/gcc/x86_64-linux-gnu/5/../../../x86_64-linux-gnu -L/usr/lib/gcc/x86_64-linux-gnu/5/../../../../lib -L/lib/x86_64-linux-gnu -L/lib/../lib -L/usr/lib/x86_64-linux-gnu -L/usr/lib/../lib -L/usr/lib/gcc/x86_64-linux-gnu/5/../../.. CMakeFiles/cmTC_cd0ea.dir/CMakeCXXCompilerABI.cpp.o -lstdc++ -lm -lgcc_s -lgcc -lc -lgcc_s -lgcc /usr/lib/gcc/x86_64-linux-gnu/5/crtend.o /usr/lib/gcc/x86_64-linux-gnu/5/../../../x86_64-linux-gnu/crtn.o
make[1]: Leaving directory '/home/blue/Downloads/libRaptorQ-0.1.X/build/CMakeFiles/CMakeTmp'


Parsed CXX implicit link information from above output:
  link line regex: [^( *|.*[/\])(ld|([^/\]+-)?ld|collect2)[^/\]*( |$)]
  ignore line: [Change Dir: /home/blue/Downloads/libRaptorQ-0.1.X/build/CMakeFiles/CMakeTmp]
  ignore line: []
  ignore line: [Run Build Command:"/usr/bin/make" "cmTC_cd0ea/fast"]
  ignore line: [/usr/bin/make -f CMakeFiles/cmTC_cd0ea.dir/build.make CMakeFiles/cmTC_cd0ea.dir/build]
  ignore line: [make[1]: Entering directory '/home/blue/Downloads/libRaptorQ-0.1.X/build/CMakeFiles/CMakeTmp']
  ignore line: [Building CXX object CMakeFiles/cmTC_cd0ea.dir/CMakeCXXCompilerABI.cpp.o]
  ignore line: [/usr/bin/c++      -o CMakeFiles/cmTC_cd0ea.dir/CMakeCXXCompilerABI.cpp.o -c /usr/share/cmake-3.5/Modules/CMakeCXXCompilerABI.cpp]
  ignore line: [Linking CXX executable cmTC_cd0ea]
  ignore line: [/usr/bin/cmake -E cmake_link_script CMakeFiles/cmTC_cd0ea.dir/link.txt --verbose=1]
  ignore line: [/usr/bin/c++       -v CMakeFiles/cmTC_cd0ea.dir/CMakeCXXCompilerABI.cpp.o  -o cmTC_cd0ea -rdynamic  ]
  ignore line: [Using built-in specs.]
  ignore line: [COLLECT_GCC=/usr/bin/c++]
  ignore line: [COLLECT_LTO_WRAPPER=/usr/lib/gcc/x86_64-linux-gnu/5/lto-wrapper]
  ignore line: [Target: x86_64-linux-gnu]
  ignore line: [Configured with: ../src/configure -v --with-pkgversion='Ubuntu 5.4.0-6ubuntu1~16.04.2' --with-bugurl=file:///usr/share/doc/gcc-5/README.Bugs --enable-languages=c,ada,c++,java,go,d,fortran,objc,obj-c++ --prefix=/usr --program-suffix=-5 --enable-shared --enable-linker-build-id --libexecdir=/usr/lib --without-included-gettext --enable-threads=posix --libdir=/usr/lib --enable-nls --with-sysroot=/ --enable-clocale=gnu --enable-libstdcxx-debug --enable-libstdcxx-time=yes --with-default-libstdcxx-abi=new --enable-gnu-unique-object --disable-vtable-verify --enable-libmpx --enable-plugin --with-system-zlib --disable-browser-plugin --enable-java-awt=gtk --enable-gtk-cairo --with-java-home=/usr/lib/jvm/java-1.5.0-gcj-5-amd64/jre --enable-java-home --with-jvm-root-dir=/usr/lib/jvm/java-1.5.0-gcj-5-amd64 --with-jvm-jar-dir=/usr/lib/jvm-exports/java-1.5.0-gcj-5-amd64 --with-arch-directory=amd64 --with-ecj-jar=/usr/share/java/eclipse-ecj.jar --enable-objc-gc --enable-multiarch --disable-werror --with-arch-32=i686 --with-abi=m64 --with-multilib-list=m32,m64,mx32 --enable-multilib --with-tune=generic --enable-checking=release --build=x86_64-linux-gnu --host=x86_64-linux-gnu --target=x86_64-linux-gnu]
  ignore line: [Thread model: posix]
  ignore line: [gcc version 5.4.0 20160609 (Ubuntu 5.4.0-6ubuntu1~16.04.2) ]
  ignore line: [COMPILER_PATH=/usr/lib/gcc/x86_64-linux-gnu/5/:/usr/lib/gcc/x86_64-linux-gnu/5/:/usr/lib/gcc/x86_64-linux-gnu/:/usr/lib/gcc/x86_64-linux-gnu/5/:/usr/lib/gcc/x86_64-linux-gnu/]
  ignore line: [LIBRARY_PATH=/usr/lib/gcc/x86_64-linux-gnu/5/:/usr/lib/gcc/x86_64-linux-gnu/5/../../../x86_64-linux-gnu/:/usr/lib/gcc/x86_64-linux-gnu/5/../../../../lib/:/lib/x86_64-linux-gnu/:/lib/../lib/:/usr/lib/x86_64-linux-gnu/:/usr/lib/../lib/:/usr/lib/gcc/x86_64-linux-gnu/5/../../../:/lib/:/usr/lib/]
  ignore line: [COLLECT_GCC_OPTIONS='-v' '-o' 'cmTC_cd0ea' '-rdynamic' '-shared-libgcc' '-mtune=generic' '-march=x86-64']
  link line: [ /usr/lib/gcc/x86_64-linux-gnu/5/collect2 -plugin /usr/lib/gcc/x86_64-linux-gnu/5/liblto_plugin.so -plugin-opt=/usr/lib/gcc/x86_64-linux-gnu/5/lto-wrapper -plugin-opt=-fresolution=/tmp/cc2I2a89.res -plugin-opt=-pass-through=-lgcc_s -plugin-opt=-pass-through=-lgcc -plugin-opt=-pass-through=-lc -plugin-opt=-pass-through=-lgcc_s -plugin-opt=-pass-through=-lgcc --sysroot=/ --build-id --eh-frame-hdr -m elf_x86_64 --hash-style=gnu --as-needed -export-dynamic -dynamic-linker /lib64/ld-linux-x86-64.so.2 -z relro -o cmTC_cd0ea /usr/lib/gcc/x86_64-linux-gnu/5/../../../x86_64-linux-gnu/crt1.o /usr/lib/gcc/x86_64-linux-gnu/5/../../../x86_64-linux-gnu/crti.o /usr/lib/gcc/x86_64-linux-gnu/5/crtbegin.o -L/usr/lib/gcc/x86_64-linux-gnu/5 -L/usr/lib/gcc/x86_64-linux-gnu/5/../../../x86_64-linux-gnu -L/usr/lib/gcc/x86_64-linux-gnu/5/../../../../lib -L/lib/x86_64-linux-gnu -L/lib/../lib -L/usr/lib/x86_64-linux-gnu -L/usr/lib/../lib -L/usr/lib/gcc/x86_64-linux-gnu/5/../../.. CMakeFiles/cmTC_cd0ea.dir/CMakeCXXCompilerABI.cpp.o -lstdc++ -lm -lgcc_s -lgcc -lc -lgcc_s -lgcc /usr/lib/gcc/x86_64-linux-gnu/5/crtend.o /usr/lib/gcc/x86_64-linux-gnu/5/../../../x86_64-linux-gnu/crtn.o]
    arg [/usr/lib/gcc/x86_64-linux-gnu/5/collect2] ==> ignore
    arg [-plugin] ==> ignore
    arg [/usr/lib/gcc/x86_64-linux-gnu/5/liblto_plugin.so] ==> ignore
    arg [-plugin-opt=/usr/lib/gcc/x86_64-linux-gnu/5/lto-wrapper] ==> ignore
    arg [-plugin-opt=-fresolution=/tmp/cc2I2a89.res] ==> ignore
    arg [-plugin-opt=-pass-through=-lgcc_s] ==> ignore
    arg [-plugin-opt=-pass-through=-lgcc] ==> ignore
    arg [-plugin-opt=-pass-through=-lc] ==> ignore
    arg [-plugin-opt=-pass-through=-lgcc_s] ==> ignore
    arg [-plugin-opt=-pass-through=-lgcc] ==> ignore
    arg [--sysroot=/] ==> ignore
    arg [--build-id] ==> ignore
    arg [--eh-frame-hdr] ==> ignore
    arg [-m] ==> ignore
    arg [elf_x86_64] ==> ignore
    arg [--hash-style=gnu] ==> ignore
    arg [--as-needed] ==> ignore
    arg [-export-dynamic] ==> ignore
    arg [-dynamic-linker] ==> ignore
    arg [/lib64/ld-linux-x86-64.so.2] ==> ignore
    arg [-zrelro] ==> ignore
    arg [-o] ==> ignore
    arg [cmTC_cd0ea] ==> ignore
    arg [/usr/lib/gcc/x86_64-linux-gnu/5/../../../x86_64-linux-gnu/crt1.o] ==> ignore
    arg [/usr/lib/gcc/x86_64-linux-gnu/5/../../../x86_64-linux-gnu/crti.o] ==> ignore
    arg [/usr/lib/gcc/x86_64-linux-gnu/5/crtbegin.o] ==> ignore
    arg [-L/usr/lib/gcc/x86_64-linux-gnu/5] ==> dir [/usr/lib/gcc/x86_64-linux-gnu/5]
    arg [-L/usr/lib/gcc/x86_64-linux-gnu/5/../../../x86_64-linux-gnu] ==> dir [/usr/lib/gcc/x86_64-linux-gnu/5/../../../x86_64-linux-gnu]
    arg [-L/usr/lib/gcc/x86_64-linux-gnu/5/../../../../lib] ==> dir [/usr/lib/gcc/x86_64-linux-gnu/5/../../../../lib]
    arg [-L/lib/x86_64-linux-gnu] ==> dir [/lib/x86_64-linux-gnu]
    arg [-L/lib/../lib] ==> dir [/lib/../lib]
    arg [-L/usr/lib/x86_64-linux-gnu] ==> dir [/usr/lib/x86_64-linux-gnu]
    arg [-L/usr/lib/../lib] ==> dir [/usr/lib/../lib]
    arg [-L/usr/lib/gcc/x86_64-linux-gnu/5/../../..] ==> dir [/usr/lib/gcc/x86_64-linux-gnu/5/../../..]
    arg [CMakeFiles/cmTC_cd0ea.dir/CMakeCXXCompilerABI.cpp.o] ==> ignore
    arg [-lstdc++] ==> lib [stdc++]
    arg [-lm] ==> lib [m]
    arg [-lgcc_s] ==> lib [gcc_s]
    arg [-lgcc] ==> lib [gcc]
    arg [-lc] ==> lib [c]
    arg [-lgcc_s] ==> lib [gcc_s]
    arg [-lgcc] ==> lib [gcc]
    arg [/usr/lib/gcc/x86_64-linux-gnu/5/crtend.o] ==> ignore
    arg [/usr/lib/gcc/x86_64-linux-gnu/5/../../../x86_64-linux-gnu/crtn.o] ==> ignore
  remove lib [gcc_s]
  remove lib [gcc]
  remove lib [gcc_s]
  remove lib [gcc]
  collapse library dir [/usr/lib/gcc/x86_64-linux-gnu/5] ==> [/usr/lib/gcc/x86_64-linux-gnu/5]
  collapse library dir [/usr/lib/gcc/x86_64-linux-gnu/5/../../../x86_64-linux-gnu] ==> [/usr/lib/x86_64-linux-gnu]
  collapse library dir [/usr/lib/gcc/x86_64-linux-gnu/5/../../../../lib] ==> [/usr/lib]
  collapse library dir [/lib/x86_64-linux-gnu] ==> [/lib/x86_64-linux-gnu]
  collapse library dir [/lib/../lib] ==> [/lib]
  collapse library dir [/usr/lib/x86_64-linux-gnu] ==> [/usr/lib/x86_64-linux-gnu]
  collapse library dir [/usr/lib/../lib] ==> [/usr/lib]
  collapse library dir [/usr/lib/gcc/x86_64-linux-gnu/5/../../..] ==> [/usr/lib]
  implicit libs: [stdc++;m;c]
  implicit dirs: [/usr/lib/gcc/x86_64-linux-gnu/5;/usr/lib/x86_64-linux-gnu;/usr/lib;/lib/x86_64-linux-gnu;/lib]
  implicit fwks: []




Detecting CXX [-std=c++14] compiler features compiled with the following output:
Change Dir: /home/blue/Downloads/libRaptorQ-0.1.X/build/CMakeFiles/CMakeTmp

Run Build Command:"/usr/bin/make" "cmTC_f3889/fast"
/usr/bin/make -f CMakeFiles/cmTC_f3889.dir/build.make CMakeFiles/cmTC_f3889.dir/build
make[1]: Entering directory '/home/blue/Downloads/libRaptorQ-0.1.X/build/CMakeFiles/CMakeTmp'
Building CXX object CMakeFiles/cmTC_f3889.dir/feature_tests.cxx.o
/usr/bin/c++     -std=c++14 -o CMakeFiles/cmTC_f3889.dir/feature_tests.cxx.o -c /home/blue/Downloads/libRaptorQ-0.1.X/build/CMakeFiles/feature_tests.cxx
Linking CXX executable cmTC_f3889
/usr/bin/cmake -E cmake_link_script CMakeFiles/cmTC_f3889.dir/link.txt --verbose=1
/usr/bin/c++        CMakeFiles/cmTC_f3889.dir/feature_tests.cxx.o  -o cmTC_f3889 -rdynamic 
make[1]: Leaving directory '/home/blue/Downloads/libRaptorQ-0.1.X/build/CMakeFiles/CMakeTmp'


    Feature record: CXX_FEATURE:1cxx_aggregate_default_initializers
    Feature record: CXX_FEATURE:1cxx_alias_templates
    Feature record: CXX_FEATURE:1cxx_alignas
    Feature record: CXX_FEATURE:1cxx_alignof
    Feature record: CXX_FEATURE:1cxx_attributes
    Feature record: CXX_FEATURE:1cxx_attribute_deprecated
    Feature record: CXX_FEATURE:1cxx_auto_type
    Feature record: CXX_FEATURE:1cxx_binary_literals
    Feature record: CXX_FEATURE:1cxx_constexpr
    Feature record: CXX_FEATURE:1cxx_contextual_conversions
    Feature record: CXX_FEATURE:1cxx_decltype
    Feature record: CXX_FEATURE:1cxx_decltype_auto
    Feature record: CXX_FEATURE:1cxx_decltype_incomplete_return_types
    Feature record: CXX_FEATURE:1cxx_default_function_template_args
    Feature record: CXX_FEATURE:1cxx_defaulted_functions
    Feature record: CXX_FEATURE:1cxx_defaulted_move_initializers
    Feature record: CXX_FEATURE:1cxx_delegating_constructors
    Feature record: CXX_FEATURE:1cxx_deleted_functions
    Feature record: CXX_FEATURE:1cxx_digit_separators
    Feature record: CXX_FEATURE:1cxx_enum_forward_declarations
    Feature record: CXX_FEATURE:1cxx_explicit_conversions
    Feature record: CXX_FEATURE:1cxx_extended_friend_declarations
    Feature record: CXX_FEATURE:1cxx_extern_templates
    Feature record: CXX_FEATURE:1cxx_final
    Feature record: CXX_FEATURE:1cxx_func_identifier
    Feature record: CXX_FEATURE:1cxx_generalized_initializers
    Feature record: CXX_FEATURE:1cxx_generic_lambdas
    Feature record: CXX_FEATURE:1cxx_inheriting_constructors
    Feature record: CXX_FEATURE:1cxx_inline_namespaces
    Feature record: CXX_FEATURE:1cxx_lambdas
    Feature record: CXX_FEATURE:1cxx_lambda_init_captures
    Feature record: CXX_FEATURE:1cxx_local_type_template_args
    Feature record: CXX_FEATURE:1cxx_long_long_type
    Feature record: CXX_FEATURE:1cxx_noexcept
    Feature record: CXX_FEATURE:1cxx_nonstatic_member_init
    Feature record: CXX_FEATURE:1cxx_nullptr
    Feature record: CXX_FEATURE:1cxx_override
    Feature record: CXX_FEATURE:1cxx_range_for
    Feature record: CXX_FEATURE:1cxx_raw_string_literals
    Feature record: CXX_FEATURE:1cxx_reference_qualified_functions
    Feature record: CXX_FEATURE:1cxx_relaxed_constexpr
    Feature record: CXX_FEATURE:1cxx_return_type_deduction
    Feature record: CXX_FEATURE:1cxx_right_angle_brackets
    Feature record: CXX_FEATURE:1cxx_rvalue_references
    Feature record: CXX_FEATURE:1cxx_sizeof_member
    Feature record: CXX_FEATURE:1cxx_static_assert
    Feature record: CXX_FEATURE:1cxx_strong_enums
    Feature record: CXX_FEATURE:1cxx_template_template_parameters
    Feature record: CXX_FEATURE:1cxx_thread_local
    Feature record: CXX_FEATURE:1cxx_trailing_return_types
    Feature record: CXX_FEATURE:1cxx_unicode_literals
    Feature record: CXX_FEATURE:1cxx_uniform_initialization
    Feature record: CXX_FEATURE:1cxx_unrestricted_unions
    Feature record: CXX_FEATURE:1cxx_user_literals
    Feature record: CXX_FEATURE:1cxx_variable_templates
    Feature record: CXX_FEATURE:1cxx_variadic_macros
    Feature record: CXX_FEATURE:1cxx_variadic_templates


Detecting CXX [-std=c++11] compiler features compiled with the following output:
Change Dir: /home/blue/Downloads/libRaptorQ-0.1.X/build/CMakeFiles/CMakeTmp

Run Build Command:"/usr/bin/make" "cmTC_d641a/fast"
/usr/bin/make -f CMakeFiles/cmTC_d641a.dir/build.make CMakeFiles/cmTC_d641a.dir/build
make[1]: Entering directory '/home/blue/Downloads/libRaptorQ-0.1.X/build/CMakeFiles/CMakeTmp'
Building CXX object CMakeFiles/cmTC_d641a.dir/feature_tests.cxx.o
/usr/bin/c++     -std=c++11 -o CMakeFiles/cmTC_d641a.dir/feature_tests.cxx.o -c /home/blue/Downloads/libRaptorQ-0.1.X/build/CMakeFiles/feature_tests.cxx
Linking CXX executable cmTC_d641a
/usr/bin/cmake -E cmake_link_script CMakeFiles/cmTC_d641a.dir/link.txt --verbose=1
/usr/bin/c++        CMakeFiles/cmTC_d641a.dir/feature_tests.cxx.o  -o cmTC_d641a -rdynamic 
make[1]: Leaving directory '/home/blue/Downloads/libRaptorQ-0.1.X/build/CMakeFiles/CMakeTmp'


    Feature record: CXX_FEATURE:0cxx_aggregate_default_initializers
    Feature record: CXX_FEATURE:1cxx_alias_templates
    Feature record: CXX_FEATURE:1cxx_alignas
    Feature record: CXX_FEATURE:1cxx_alignof
    Feature record: CXX_FEATURE:1cxx_attributes
    Feature record: CXX_FEATURE:0cxx_attribute_deprecated
    Feature record: CXX_FEATURE:1cxx_auto_type
    Feature record: CXX_FEATURE:0cxx_binary_literals
    Feature record: CXX_FEATURE:1cxx_constexpr
    Feature record: CXX_FEATURE:0cxx_contextual_conversions
    Feature record: CXX_FEATURE:1cxx_decltype
    Feature record: CXX_FEATURE:0cxx_decltype_auto
    Feature record: CXX_FEATURE:1cxx_decltype_incomplete_return_types
    Feature record: CXX_FEATURE:1cxx_default_function_template_args
    Feature record: CXX_FEATURE:1cxx_defaulted_functions
    Feature record: CXX_FEATURE:1cxx_defaulted_move_initializers
    Feature record: CXX_FEATURE:1cxx_delegating_constructors
    Feature record: CXX_FEATURE:1cxx_deleted_functions
    Feature record: CXX_FEATURE:0cxx_digit_separators
    Feature record: CXX_FEATURE:1cxx_enum_forward_declarations
    Feature record: CXX_FEATURE:1cxx_explicit_conversions
    Feature record: CXX_FEATURE:1cxx_extended_friend_declarations
    Feature record: CXX_FEATURE:1cxx_extern_templates
    Feature record: CXX_FEATURE:1cxx_final
    Feature record: CXX_FEATURE:1cxx_func_identifier
    Feature record: CXX_FEATURE:1cxx_generalized_initializers
    Feature record: CXX_FEATURE:0cxx_generic_lambdas
    Feature record: CXX_FEATURE:1cxx_inheriting_constructors
    Feature record: CXX_FEATURE:1cxx_inline_namespaces
    Feature record: CXX_FEATURE:1cxx_lambdas
    Feature record: CXX_FEATURE:0cxx_lambda_init_captures
    Feature record: CXX_FEATURE:1cxx_local_type_template_args
    Feature record: CXX_FEATURE:1cxx_long_long_type
    Feature record: CXX_FEATURE:1cxx_noexcept
    Feature record: CXX_FEATURE:1cxx_nonstatic_member_init
    Feature record: CXX_FEATURE:1cxx_nullptr
    Feature record: CXX_FEATURE:1cxx_override
    Feature record: CXX_FEATURE:1cxx_range_for
    Feature record: CXX_FEATURE:1cxx_raw_string_literals
    Feature record: CXX_FEATURE:1cxx_reference_qualified_functions
    Feature record: CXX_FEATURE:0cxx_relaxed_constexpr
    Feature record: CXX_FEATURE:0cxx_return_type_deduction
    Feature record: CXX_FEATURE:1cxx_right_angle_brackets
    Feature record: CXX_FEATURE:1cxx_rvalue_references
    Feature record: CXX_FEATURE:1cxx_sizeof_member
    Feature record: CXX_FEATURE:1cxx_static_assert
    Feature record: CXX_FEATURE:1cxx_strong_enums
    Feature record: CXX_FEATURE:1cxx_template_template_parameters
    Feature record: CXX_FEATURE:1cxx_thread_local
    Feature record: CXX_FEATURE:1cxx_trailing_return_types
    Feature record: CXX_FEATURE:1cxx_unicode_literals
    Feature record: CXX_FEATURE:1cxx_uniform_initialization
    Feature record: CXX_FEATURE:1cxx_unrestricted_unions
    Feature record: CXX_FEATURE:1cxx_user_literals
    Feature record: CXX_FEATURE:0cxx_variable_templates
    Feature record: CXX_FEATURE:1cxx_variadic_macros
    Feature record: CXX_FEATURE:1cxx_variadic_templates


Detecting CXX [-std=c++98] compiler features compiled with the following output:
Change Dir: /home/blue/Downloads/libRaptorQ-0.1.X/build/CMakeFiles/CMakeTmp

Run Build Command:"/usr/bin/make" "cmTC_2981a/fast"
/usr/bin/make -f CMakeFiles/cmTC_2981a.dir/build.make CMakeFiles/cmTC_2981a.dir/build
make[1]: Entering directory '/home/blue/Downloads/libRaptorQ-0.1.X/build/CMakeFiles/CMakeTmp'
Building CXX object CMakeFiles/cmTC_2981a.dir/feature_tests.cxx.o
/usr/bin/c++     -std=c++98 -o CMakeFiles/cmTC_2981a.dir/feature_tests.cxx.o -c /home/blue/Downloads/libRaptorQ-0.1.X/build/CMakeFiles/feature_tests.cxx
Linking CXX executable cmTC_2981a
/usr/bin/cmake -E cmake_link_script CMakeFiles/cmTC_2981a.dir/link.txt --verbose=1
/usr/bin/c++        CMakeFiles/cmTC_2981a.dir/feature_tests.cxx.o  -o cmTC_2981a -rdynamic 
make[1]: Leaving directory '/home/blue/Downloads/libRaptorQ-0.1.X/build/CMakeFiles/CMakeTmp'


    Feature record: CXX_FEATURE:0cxx_aggregate_default_initializers
    Feature record: CXX_FEATURE:0cxx_alias_templates
    Feature record: CXX_FEATURE:0cxx_alignas
    Feature record: CXX_FEATURE:0cxx_alignof
    Feature record: CXX_FEATURE:0cxx_attributes
    Feature record: CXX_FEATURE:0cxx_attribute_deprecated
    Feature record: CXX_FEATURE:0cxx_auto_type
    Feature record: CXX_FEATURE:0cxx_binary_literals
    Feature record: CXX_FEATURE:0cxx_constexpr
    Feature record: CXX_FEATURE:0cxx_contextual_conversions
    Feature record: CXX_FEATURE:0cxx_decltype
    Feature record: CXX_FEATURE:0cxx_decltype_auto
    Feature record: CXX_FEATURE:0cxx_decltype_incomplete_return_types
    Feature record: CXX_FEATURE:0cxx_default_function_template_args
    Feature record: CXX_FEATURE:0cxx_defaulted_functions
    Feature record: CXX_FEATURE:0cxx_defaulted_move_initializers
    Feature record: CXX_FEATURE:0cxx_delegating_constructors
    Feature record: CXX_FEATURE:0cxx_deleted_functions
    Feature record: CXX_FEATURE:0cxx_digit_separators
    Feature record: CXX_FEATURE:0cxx_enum_forward_declarations
    Feature record: CXX_FEATURE:0cxx_explicit_conversions
    Feature record: CXX_FEATURE:0cxx_extended_friend_declarations
    Feature record: CXX_FEATURE:0cxx_extern_templates
    Feature record: CXX_FEATURE:0cxx_final
    Feature record: CXX_FEATURE:0cxx_func_identifier
    Feature record: CXX_FEATURE:0cxx_generalized_initializers
    Feature record: CXX_FEATURE:0cxx_generic_lambdas
    Feature record: CXX_FEATURE:0cxx_inheriting_constructors
    Feature record: CXX_FEATURE:0cxx_inline_namespaces
    Feature record: CXX_FEATURE:0cxx_lambdas
    Feature record: CXX_FEATURE:0cxx_lambda_init_captures
    Feature record: CXX_FEATURE:0cxx_local_type_template_args
    Feature record: CXX_FEATURE:0cxx_long_long_type
    Feature record: CXX_FEATURE:0cxx_noexcept
    Feature record: CXX_FEATURE:0cxx_nonstatic_member_init
    Feature record: CXX_FEATURE:0cxx_nullptr
    Feature record: CXX_FEATURE:0cxx_override
    Feature record: CXX_FEATURE:0cxx_range_for
    Feature record: CXX_FEATURE:0cxx_raw_string_literals
    Feature record: CXX_FEATURE:0cxx_reference_qualified_functions
    Feature record: CXX_FEATURE:0cxx_relaxed_constexpr
    Feature record: CXX_FEATURE:0cxx_return_type_deduction
    Feature record: CXX_FEATURE:0cxx_right_angle_brackets
    Feature record: CXX_FEATURE:0cxx_rvalue_references
    Feature record: CXX_FEATURE:0cxx_sizeof_member
    Feature record: CXX_FEATURE:0cxx_static_assert
    Feature record: CXX_FEATURE:0cxx_strong_enums
    Feature record: CXX_FEATURE:1cxx_template_template_parameters
    Feature record: CXX_FEATURE:0cxx_thread_local
    Feature record: CXX_FEATURE:0cxx_trailing_return_types
    Feature record: CXX_FEATURE:0cxx_unicode_literals
    Feature record: CXX_FEATURE:0cxx_uniform_initialization
    Feature record: CXX_FEATURE:0cxx_unrestricted_unions
    Feature record: CXX_FEATURE:0cxx_user_literals
    Feature record: CXX_FEATURE:0cxx_variable_templates
    Feature record: CXX_FEATURE:0cxx_variadic_macros
    Feature record: CXX_FEATURE:0cxx_variadic_templates
Determining if the include file pthread.h exists passed with the following output:
Change Dir: /home/blue/Downloads/libRaptorQ-0.1.X/build/CMakeFiles/CMakeTmp

Run Build Command:"/usr/bin/make" "cmTC_21210/fast"
/usr/bin/make -f CMakeFiles/cmTC_21210.dir/build.make CMakeFiles/cmTC_21210.dir/build
make[1]: Entering directory '/home/blue/Downloads/libRaptorQ-0.1.X/build/CMakeFiles/CMakeTmp'
Building C object CMakeFiles/cmTC_21210.dir/CheckIncludeFile.c.o
/usr/bin/cc     -o CMakeFiles/cmTC_21210.dir/CheckIncludeFile.c.o   -c /home/blue/Downloads/libRaptorQ-0.1.X/build/CMakeFiles/CMakeTmp/CheckIncludeFile.c
Linking C executable cmTC_21210
/usr/bin/cmake -E cmake_link_script CMakeFiles/cmTC_21210.dir/link.txt --verbose=1
/usr/bin/cc       CMakeFiles/cmTC_21210.dir/CheckIncludeFile.c.o  -o cmTC_21210 -rdynamic 
make[1]: Leaving directory '/home/blue/Downloads/libRaptorQ-0.1.X/build/CMakeFiles/CMakeTmp'


Determining if the function pthread_create exists in the pthread passed with the following output:
Change Dir: /home/blue/Downloads/libRaptorQ-0.1.X/build/CMakeFiles/CMakeTmp

Run Build Command:"/usr/bin/make" "cmTC_873d4/fast"
/usr/bin/make -f CMakeFiles/cmTC_873d4.dir/build.make CMakeFiles/cmTC_873d4.dir/build
make[1]: Entering directory '/home/blue/Downloads/libRaptorQ-0.1.X/build/CMakeFiles/CMakeTmp'
Building C object CMakeFiles/cmTC_873d4.dir/CheckFunctionExists.c.o
/usr/bin/cc    -DCHECK_FUNCTION_EXISTS=pthread_create   -o CMakeFiles/cmTC_873d4.dir/CheckFunctionExists.c.o   -c /usr/share/cmake-3.5/Modules/CheckFunctionExists.c
Linking C executable cmTC_873d4
/usr/bin/cmake -E cmake_link_script CMakeFiles/cmTC_873d4.dir/link.txt --verbose=1
/usr/bin/cc   -DCHECK_FUNCTION_EXISTS=pthread_create    CMakeFiles/cmTC_873d4.dir/CheckFunctionExists.c.o  -o cmTC_873d4 -rdynamic -lpthread 
make[1]: Leaving directory '/home/blue/Downloads/libRaptorQ-0.1.X/build/CMakeFiles/CMakeTmp'


Performing C SOURCE FILE Test RQ_FLAG_C__std_c11 succeeded with the following output:
Change Dir: /home/blue/Downloads/libRaptorQ-0.1.X/build/CMakeFiles/CMakeTmp

Run Build Command:"/usr/bin/make" "cmTC_7a4b1/fast"
/usr/bin/make -f CMakeFiles/cmTC_7a4b1.dir/build.make CMakeFiles/cmTC_7a4b1.dir/build
make[1]: Entering directory '/home/blue/Downloads/libRaptorQ-0.1.X/build/CMakeFiles/CMakeTmp'
Building C object CMakeFiles/cmTC_7a4b1.dir/src.c.o
/usr/bin/cc    -DRQ_FLAG_C__std_c11   -std=c11 -o CMakeFiles/cmTC_7a4b1.dir/src.c.o   -c /home/blue/Downloads/libRaptorQ-0.1.X/build/CMakeFiles/CMakeTmp/src.c
Linking C executable cmTC_7a4b1
/usr/bin/cmake -E cmake_link_script CMakeFiles/cmTC_7a4b1.dir/link.txt --verbose=1
/usr/bin/cc   -DRQ_FLAG_C__std_c11    CMakeFiles/cmTC_7a4b1.dir/src.c.o  -o cmTC_7a4b1 -rdynamic 
make[1]: Leaving directory '/home/blue/Downloads/libRaptorQ-0.1.X/build/CMakeFiles/CMakeTmp'

Source file was:
int main(void) { return 0; }
Performing C SOURCE FILE Test RQ_FLAG_C__ffast_math succeeded with the following output:
Change Dir: /home/blue/Downloads/libRaptorQ-0.1.X/build/CMakeFiles/CMakeTmp

Run Build Command:"/usr/bin/make" "cmTC_a2d03/fast"
/usr/bin/make -f CMakeFiles/cmTC_a2d03.dir/build.make CMakeFiles/cmTC_a2d03.dir/build
make[1]: Entering directory '/home/blue/Downloads/libRaptorQ-0.1.X/build/CMakeFiles/CMakeTmp'
Building C object CMakeFiles/cmTC_a2d03.dir/src.c.o
/usr/bin/cc    -DRQ_FLAG_C__ffast_math   -ffast-math -o CMakeFiles/cmTC_a2d03.dir/src.c.o   -c /home/blue/Downloads/libRaptorQ-0.1.X/build/CMakeFiles/CMakeTmp/src.c
Linking C executable cmTC_a2d03
/usr/bin/cmake -E cmake_link_script CMakeFiles/cmTC_a2d03.dir/link.txt --verbose=1
/usr/bin/cc   -DRQ_FLAG_C__ffast_math    CMakeFiles/cmTC_a2d03.dir/src.c.o  -o cmTC_a2d03 -rdynamic 
make[1]: Leaving directory '/home/blue/Downloads/libRaptorQ-0.1.X/build/CMakeFiles/CMakeTmp'

Source file was:
int main(void) { return 0; }
Performing C SOURCE FILE Test RQ_FLAG_C__Wno_unknown_pragmas succeeded with the following output:
Change Dir: /home/blue/Downloads/libRaptorQ-0.1.X/build/CMakeFiles/CMakeTmp

Run Build Command:"/usr/bin/make" "cmTC_e8de9/fast"
/usr/bin/make -f CMakeFiles/cmTC_e8de9.dir/build.make CMakeFiles/cmTC_e8de9.dir/build
make[1]: Entering directory '/home/blue/Downloads/libRaptorQ-0.1.X/build/CMakeFiles/CMakeTmp'
Building C object CMakeFiles/cmTC_e8de9.dir/src.c.o
/usr/bin/cc    -DRQ_FLAG_C__Wno_unknown_pragmas   -Wno-unknown-pragmas -o CMakeFiles/cmTC_e8de9.dir/src.c.o   -c /home/blue/Downloads/libRaptorQ-0.1.X/build/CMakeFiles/CMakeTmp/src.c
Linking C executable cmTC_e8de9
/usr/bin/cmake -E cmake_link_script CMakeFiles/cmTC_e8de9.dir/link.txt --verbose=1
/usr/bin/cc   -DRQ_FLAG_C__Wno_unknown_pragmas    CMakeFiles/cmTC_e8de9.dir/src.c.o  -o cmTC_e8de9 -rdynamic 
make[1]: Leaving directory '/home/blue/Downloads/libRaptorQ-0.1.X/build/CMakeFiles/CMakeTmp'

Source file was:
int main(void) { return 0; }
Performing C SOURCE FILE Test RQ_FLAG_C__Wall succeeded with the following output:
Change Dir: /home/blue/Downloads/libRaptorQ-0.1.X/build/CMakeFiles/CMakeTmp

Run Build Command:"/usr/bin/make" "cmTC_f4b3e/fast"
/usr/bin/make -f CMakeFiles/cmTC_f4b3e.dir/build.make CMakeFiles/cmTC_f4b3e.dir/build
make[1]: Entering directory '/home/blue/Downloads/libRaptorQ-0.1.X/build/CMakeFiles/CMakeTmp'
Building C object CMakeFiles/cmTC_f4b3e.dir/src.c.o
/usr/bin/cc    -DRQ_FLAG_C__Wall   -Wall -o CMakeFiles/cmTC_f4b3e.dir/src.c.o   -c /home/blue/Downloads/libRaptorQ-0.1.X/build/CMakeFiles/CMakeTmp/src.c
Linking C executable cmTC_f4b3e
/usr/bin/cmake -E cmake_link_script CMakeFiles/cmTC_f4b3e.dir/link.txt --verbose=1
/usr/bin/cc   -DRQ_FLAG_C__Wall    CMakeFiles/cmTC_f4b3e.dir/src.c.o  -o cmTC_f4b3e -rdynamic 
make[1]: Leaving directory '/home/blue/Downloads/libRaptorQ-0.1.X/build/CMakeFiles/CMakeTmp'

Source file was:
int main(void) { return 0; }
Performing C SOURCE FILE Test RQ_FLAG_C__Wextra succeeded with the following output:
Change Dir: /home/blue/Downloads/libRaptorQ-0.1.X/build/CMakeFiles/CMakeTmp

Run Build Command:"/usr/bin/make" "cmTC_769a0/fast"
/usr/bin/make -f CMakeFiles/cmTC_769a0.dir/build.make CMakeFiles/cmTC_769a0.dir/build
make[1]: Entering directory '/home/blue/Downloads/libRaptorQ-0.1.X/build/CMakeFiles/CMakeTmp'
Building C object CMakeFiles/cmTC_769a0.dir/src.c.o
/usr/bin/cc    -DRQ_FLAG_C__Wextra   -Wextra -o CMakeFiles/cmTC_769a0.dir/src.c.o   -c /home/blue/Downloads/libRaptorQ-0.1.X/build/CMakeFiles/CMakeTmp/src.c
Linking C executable cmTC_769a0
/usr/bin/cmake -E cmake_link_script CMakeFiles/cmTC_769a0.dir/link.txt --verbose=1
/usr/bin/cc   -DRQ_FLAG_C__Wextra    CMakeFiles/cmTC_769a0.dir/src.c.o  -o cmTC_769a0 -rdynamic 
make[1]: Leaving directory '/home/blue/Downloads/libRaptorQ-0.1.X/build/CMakeFiles/CMakeTmp'

Source file was:
int main(void) { return 0; }
Performing C SOURCE FILE Test RQ_FLAG_C__pedantic succeeded with the following output:
Change Dir: /home/blue/Downloads/libRaptorQ-0.1.X/build/CMakeFiles/CMakeTmp

Run Build Command:"/usr/bin/make" "cmTC_e08fb/fast"
/usr/bin/make -f CMakeFiles/cmTC_e08fb.dir/build.make CMakeFiles/cmTC_e08fb.dir/build
make[1]: Entering directory '/home/blue/Downloads/libRaptorQ-0.1.X/build/CMakeFiles/CMakeTmp'
Building C object CMakeFiles/cmTC_e08fb.dir/src.c.o
/usr/bin/cc    -DRQ_FLAG_C__pedantic   -pedantic -o CMakeFiles/cmTC_e08fb.dir/src.c.o   -c /home/blue/Downloads/libRaptorQ-0.1.X/build/CMakeFiles/CMakeTmp/src.c
Linking C executable cmTC_e08fb
/usr/bin/cmake -E cmake_link_script CMakeFiles/cmTC_e08fb.dir/link.txt --verbose=1
/usr/bin/cc   -DRQ_FLAG_C__pedantic    CMakeFiles/cmTC_e08fb.dir/src.c.o  -o cmTC_e08fb -rdynamic 
make[1]: Leaving directory '/home/blue/Downloads/libRaptorQ-0.1.X/build/CMakeFiles/CMakeTmp'

Source file was:
int main(void) { return 0; }
Performing C SOURCE FILE Test RQ_FLAG_C__Wno_padded succeeded with the following output:
Change Dir: /home/blue/Downloads/libRaptorQ-0.1.X/build/CMakeFiles/CMakeTmp

Run Build Command:"/usr/bin/make" "cmTC_958c2/fast"
/usr/bin/make -f CMakeFiles/cmTC_958c2.dir/build.make CMakeFiles/cmTC_958c2.dir/build
make[1]: Entering directory '/home/blue/Downloads/libRaptorQ-0.1.X/build/CMakeFiles/CMakeTmp'
Building C object CMakeFiles/cmTC_958c2.dir/src.c.o
/usr/bin/cc    -DRQ_FLAG_C__Wno_padded   -Wno-padded -o CMakeFiles/cmTC_958c2.dir/src.c.o   -c /home/blue/Downloads/libRaptorQ-0.1.X/build/CMakeFiles/CMakeTmp/src.c
Linking C executable cmTC_958c2
/usr/bin/cmake -E cmake_link_script CMakeFiles/cmTC_958c2.dir/link.txt --verbose=1
/usr/bin/cc   -DRQ_FLAG_C__Wno_padded    CMakeFiles/cmTC_958c2.dir/src.c.o  -o cmTC_958c2 -rdynamic 
make[1]: Leaving directory '/home/blue/Downloads/libRaptorQ-0.1.X/build/CMakeFiles/CMakeTmp'

Source file was:
int main(void) { return 0; }
Performing C SOURCE FILE Test RQ_FLAG_C__fstack_protector_all succeeded with the following output:
Change Dir: /home/blue/Downloads/libRaptorQ-0.1.X/build/CMakeFiles/CMakeTmp

Run Build Command:"/usr/bin/make" "cmTC_84e7a/fast"
/usr/bin/make -f CMakeFiles/cmTC_84e7a.dir/build.make CMakeFiles/cmTC_84e7a.dir/build
make[1]: Entering directory '/home/blue/Downloads/libRaptorQ-0.1.X/build/CMakeFiles/CMakeTmp'
Building C object CMakeFiles/cmTC_84e7a.dir/src.c.o
/usr/bin/cc    -DRQ_FLAG_C__fstack_protector_all   -fstack-protector-all -o CMakeFiles/cmTC_84e7a.dir/src.c.o   -c /home/blue/Downloads/libRaptorQ-0.1.X/build/CMakeFiles/CMakeTmp/src.c
Linking C executable cmTC_84e7a
/usr/bin/cmake -E cmake_link_script CMakeFiles/cmTC_84e7a.dir/link.txt --verbose=1
/usr/bin/cc   -DRQ_FLAG_C__fstack_protector_all    CMakeFiles/cmTC_84e7a.dir/src.c.o  -o cmTC_84e7a -rdynamic 
make[1]: Leaving directory '/home/blue/Downloads/libRaptorQ-0.1.X/build/CMakeFiles/CMakeTmp'

Source file was:
int main(void) { return 0; }
Performing C SOURCE FILE Test RQ_FLAG_C__fstrict_aliasing succeeded with the following output:
Change Dir: /home/blue/Downloads/libRaptorQ-0.1.X/build/CMakeFiles/CMakeTmp

Run Build Command:"/usr/bin/make" "cmTC_a79a1/fast"
/usr/bin/make -f CMakeFiles/cmTC_a79a1.dir/build.make CMakeFiles/cmTC_a79a1.dir/build
make[1]: Entering directory '/home/blue/Downloads/libRaptorQ-0.1.X/build/CMakeFiles/CMakeTmp'
Building C object CMakeFiles/cmTC_a79a1.dir/src.c.o
/usr/bin/cc    -DRQ_FLAG_C__fstrict_aliasing   -fstrict-aliasing -o CMakeFiles/cmTC_a79a1.dir/src.c.o   -c /home/blue/Downloads/libRaptorQ-0.1.X/build/CMakeFiles/CMakeTmp/src.c
Linking C executable cmTC_a79a1
/usr/bin/cmake -E cmake_link_script CMakeFiles/cmTC_a79a1.dir/link.txt --verbose=1
/usr/bin/cc   -DRQ_FLAG_C__fstrict_aliasing    CMakeFiles/cmTC_a79a1.dir/src.c.o  -o cmTC_a79a1 -rdynamic 
make[1]: Leaving directory '/home/blue/Downloads/libRaptorQ-0.1.X/build/CMakeFiles/CMakeTmp'

Source file was:
int main(void) { return 0; }
Performing C SOURCE FILE Test RQ_FLAG_C__fwrapv succeeded with the following output:
Change Dir: /home/blue/Downloads/libRaptorQ-0.1.X/build/CMakeFiles/CMakeTmp

Run Build Command:"/usr/bin/make" "cmTC_00d26/fast"
/usr/bin/make -f CMakeFiles/cmTC_00d26.dir/build.make CMakeFiles/cmTC_00d26.dir/build
make[1]: Entering directory '/home/blue/Downloads/libRaptorQ-0.1.X/build/CMakeFiles/CMakeTmp'
Building C object CMakeFiles/cmTC_00d26.dir/src.c.o
/usr/bin/cc    -DRQ_FLAG_C__fwrapv   -fwrapv -o CMakeFiles/cmTC_00d26.dir/src.c.o   -c /home/blue/Downloads/libRaptorQ-0.1.X/build/CMakeFiles/CMakeTmp/src.c
Linking C executable cmTC_00d26
/usr/bin/cmake -E cmake_link_script CMakeFiles/cmTC_00d26.dir/link.txt --verbose=1
/usr/bin/cc   -DRQ_FLAG_C__fwrapv    CMakeFiles/cmTC_00d26.dir/src.c.o  -o cmTC_00d26 -rdynamic 
make[1]: Leaving directory '/home/blue/Downloads/libRaptorQ-0.1.X/build/CMakeFiles/CMakeTmp'

Source file was:
int main(void) { return 0; }
Performing C SOURCE FILE Test RQ_FLAG_C__fvisibility_hidden succeeded with the following output:
Change Dir: /home/blue/Downloads/libRaptorQ-0.1.X/build/CMakeFiles/CMakeTmp

Run Build Command:"/usr/bin/make" "cmTC_5548d/fast"
/usr/bin/make -f CMakeFiles/cmTC_5548d.dir/build.make CMakeFiles/cmTC_5548d.dir/build
make[1]: Entering directory '/home/blue/Downloads/libRaptorQ-0.1.X/build/CMakeFiles/CMakeTmp'
Building C object CMakeFiles/cmTC_5548d.dir/src.c.o
/usr/bin/cc    -DRQ_FLAG_C__fvisibility_hidden   -fvisibility=hidden -o CMakeFiles/cmTC_5548d.dir/src.c.o   -c /home/blue/Downloads/libRaptorQ-0.1.X/build/CMakeFiles/CMakeTmp/src.c
Linking C executable cmTC_5548d
/usr/bin/cmake -E cmake_link_script CMakeFiles/cmTC_5548d.dir/link.txt --verbose=1
/usr/bin/cc   -DRQ_FLAG_C__fvisibility_hidden    CMakeFiles/cmTC_5548d.dir/src.c.o  -o cmTC_5548d -rdynamic 
make[1]: Leaving directory '/home/blue/Downloads/libRaptorQ-0.1.X/build/CMakeFiles/CMakeTmp'

Source file was:
int main(void) { return 0; }
Performing C SOURCE FILE Test RQ_FLAG_C__Ofast succeeded with the following output:
Change Dir: /home/blue/Downloads/libRaptorQ-0.1.X/build/CMakeFiles/CMakeTmp

Run Build Command:"/usr/bin/make" "cmTC_501df/fast"
/usr/bin/make -f CMakeFiles/cmTC_501df.dir/build.make CMakeFiles/cmTC_501df.dir/build
make[1]: Entering directory '/home/blue/Downloads/libRaptorQ-0.1.X/build/CMakeFiles/CMakeTmp'
Building C object CMakeFiles/cmTC_501df.dir/src.c.o
/usr/bin/cc    -DRQ_FLAG_C__Ofast   -Ofast -o CMakeFiles/cmTC_501df.dir/src.c.o   -c /home/blue/Downloads/libRaptorQ-0.1.X/build/CMakeFiles/CMakeTmp/src.c
Linking C executable cmTC_501df
/usr/bin/cmake -E cmake_link_script CMakeFiles/cmTC_501df.dir/link.txt --verbose=1
/usr/bin/cc   -DRQ_FLAG_C__Ofast    CMakeFiles/cmTC_501df.dir/src.c.o  -o cmTC_501df -rdynamic 
make[1]: Leaving directory '/home/blue/Downloads/libRaptorQ-0.1.X/build/CMakeFiles/CMakeTmp'

Source file was:
int main(void) { return 0; }
Performing C SOURCE FILE Test RQ_FLAG_C__DNDEBUG succeeded with the following output:
Change Dir: /home/blue/Downloads/libRaptorQ-0.1.X/build/CMakeFiles/CMakeTmp

Run Build Command:"/usr/bin/make" "cmTC_b5382/fast"
/usr/bin/make -f CMakeFiles/cmTC_b5382.dir/build.make CMakeFiles/cmTC_b5382.dir/build
make[1]: Entering directory '/home/blue/Downloads/libRaptorQ-0.1.X/build/CMakeFiles/CMakeTmp'
Building C object CMakeFiles/cmTC_b5382.dir/src.c.o
/usr/bin/cc  -DNDEBUG  -DRQ_FLAG_C__DNDEBUG   -o CMakeFiles/cmTC_b5382.dir/src.c.o   -c /home/blue/Downloads/libRaptorQ-0.1.X/build/CMakeFiles/CMakeTmp/src.c
Linking C executable cmTC_b5382
/usr/bin/cmake -E cmake_link_script CMakeFiles/cmTC_b5382.dir/link.txt --verbose=1
/usr/bin/cc   -DRQ_FLAG_C__DNDEBUG    CMakeFiles/cmTC_b5382.dir/src.c.o  -o cmTC_b5382 -rdynamic 
make[1]: Leaving directory '/home/blue/Downloads/libRaptorQ-0.1.X/build/CMakeFiles/CMakeTmp'

Source file was:
int main(void) { return 0; }
Performing C SOURCE FILE Test RQ_FLAG_C__ftree_loop_distribution succeeded with the following output:
Change Dir: /home/blue/Downloads/libRaptorQ-0.1.X/build/CMakeFiles/CMakeTmp

Run Build Command:"/usr/bin/make" "cmTC_4e76f/fast"
/usr/bin/make -f CMakeFiles/cmTC_4e76f.dir/build.make CMakeFiles/cmTC_4e76f.dir/build
make[1]: Entering directory '/home/blue/Downloads/libRaptorQ-0.1.X/build/CMakeFiles/CMakeTmp'
Building C object CMakeFiles/cmTC_4e76f.dir/src.c.o
/usr/bin/cc    -DRQ_FLAG_C__ftree_loop_distribution   -ftree-loop-distribution -o CMakeFiles/cmTC_4e76f.dir/src.c.o   -c /home/blue/Downloads/libRaptorQ-0.1.X/build/CMakeFiles/CMakeTmp/src.c
Linking C executable cmTC_4e76f
/usr/bin/cmake -E cmake_link_script CMakeFiles/cmTC_4e76f.dir/link.txt --verbose=1
/usr/bin/cc   -DRQ_FLAG_C__ftree_loop_distribution    CMakeFiles/cmTC_4e76f.dir/src.c.o  -o cmTC_4e76f -rdynamic 
make[1]: Leaving directory '/home/blue/Downloads/libRaptorQ-0.1.X/build/CMakeFiles/CMakeTmp'

Source file was:
int main(void) { return 0; }
Performing C SOURCE FILE Test RQ_FLAG_C__funroll_loops succeeded with the following output:
Change Dir: /home/blue/Downloads/libRaptorQ-0.1.X/build/CMakeFiles/CMakeTmp

Run Build Command:"/usr/bin/make" "cmTC_efb84/fast"
/usr/bin/make -f CMakeFiles/cmTC_efb84.dir/build.make CMakeFiles/cmTC_efb84.dir/build
make[1]: Entering directory '/home/blue/Downloads/libRaptorQ-0.1.X/build/CMakeFiles/CMakeTmp'
Building C object CMakeFiles/cmTC_efb84.dir/src.c.o
/usr/bin/cc    -DRQ_FLAG_C__funroll_loops   -funroll-loops -o CMakeFiles/cmTC_efb84.dir/src.c.o   -c /home/blue/Downloads/libRaptorQ-0.1.X/build/CMakeFiles/CMakeTmp/src.c
Linking C executable cmTC_efb84
/usr/bin/cmake -E cmake_link_script CMakeFiles/cmTC_efb84.dir/link.txt --verbose=1
/usr/bin/cc   -DRQ_FLAG_C__funroll_loops    CMakeFiles/cmTC_efb84.dir/src.c.o  -o cmTC_efb84 -rdynamic 
make[1]: Leaving directory '/home/blue/Downloads/libRaptorQ-0.1.X/build/CMakeFiles/CMakeTmp'

Source file was:
int main(void) { return 0; }
Performing C++ SOURCE FILE Test RQ_FLAG_CXX__std_c__11 succeeded with the following output:
Change Dir: /home/blue/Downloads/libRaptorQ-0.1.X/build/CMakeFiles/CMakeTmp

Run Build Command:"/usr/bin/make" "cmTC_1c9ba/fast"
/usr/bin/make -f CMakeFiles/cmTC_1c9ba.dir/build.make CMakeFiles/cmTC_1c9ba.dir/build
make[1]: Entering directory '/home/blue/Downloads/libRaptorQ-0.1.X/build/CMakeFiles/CMakeTmp'
Building CXX object CMakeFiles/cmTC_1c9ba.dir/src.cxx.o
/usr/bin/c++     -DRQ_FLAG_CXX__std_c__11   -std=c++11 -o CMakeFiles/cmTC_1c9ba.dir/src.cxx.o -c /home/blue/Downloads/libRaptorQ-0.1.X/build/CMakeFiles/CMakeTmp/src.cxx
Linking CXX executable cmTC_1c9ba
/usr/bin/cmake -E cmake_link_script CMakeFiles/cmTC_1c9ba.dir/link.txt --verbose=1
/usr/bin/c++    -DRQ_FLAG_CXX__std_c__11    CMakeFiles/cmTC_1c9ba.dir/src.cxx.o  -o cmTC_1c9ba -rdynamic 
make[1]: Leaving directory '/home/blue/Downloads/libRaptorQ-0.1.X/build/CMakeFiles/CMakeTmp'

Source file was:
int main() { return 0; }
Performing C++ SOURCE FILE Test RQ_FLAG_CXX__ffast_math succeeded with the following output:
Change Dir: /home/blue/Downloads/libRaptorQ-0.1.X/build/CMakeFiles/CMakeTmp

Run Build Command:"/usr/bin/make" "cmTC_13c99/fast"
/usr/bin/make -f CMakeFiles/cmTC_13c99.dir/build.make CMakeFiles/cmTC_13c99.dir/build
make[1]: Entering directory '/home/blue/Downloads/libRaptorQ-0.1.X/build/CMakeFiles/CMakeTmp'
Building CXX object CMakeFiles/cmTC_13c99.dir/src.cxx.o
/usr/bin/c++     -DRQ_FLAG_CXX__ffast_math   -ffast-math -o CMakeFiles/cmTC_13c99.dir/src.cxx.o -c /home/blue/Downloads/libRaptorQ-0.1.X/build/CMakeFiles/CMakeTmp/src.cxx
Linking CXX executable cmTC_13c99
/usr/bin/cmake -E cmake_link_script CMakeFiles/cmTC_13c99.dir/link.txt --verbose=1
/usr/bin/c++    -DRQ_FLAG_CXX__ffast_math    CMakeFiles/cmTC_13c99.dir/src.cxx.o  -o cmTC_13c99 -rdynamic 
make[1]: Leaving directory '/home/blue/Downloads/libRaptorQ-0.1.X/build/CMakeFiles/CMakeTmp'

Source file was:
int main() { return 0; }
Performing C++ SOURCE FILE Test RQ_FLAG_CXX__fno_rtti succeeded with the following output:
Change Dir: /home/blue/Downloads/libRaptorQ-0.1.X/build/CMakeFiles/CMakeTmp

Run Build Command:"/usr/bin/make" "cmTC_dd560/fast"
/usr/bin/make -f CMakeFiles/cmTC_dd560.dir/build.make CMakeFiles/cmTC_dd560.dir/build
make[1]: Entering directory '/home/blue/Downloads/libRaptorQ-0.1.X/build/CMakeFiles/CMakeTmp'
Building CXX object CMakeFiles/cmTC_dd560.dir/src.cxx.o
/usr/bin/c++     -DRQ_FLAG_CXX__fno_rtti   -fno-rtti -o CMakeFiles/cmTC_dd560.dir/src.cxx.o -c /home/blue/Downloads/libRaptorQ-0.1.X/build/CMakeFiles/CMakeTmp/src.cxx
Linking CXX executable cmTC_dd560
/usr/bin/cmake -E cmake_link_script CMakeFiles/cmTC_dd560.dir/link.txt --verbose=1
/usr/bin/c++    -DRQ_FLAG_CXX__fno_rtti    CMakeFiles/cmTC_dd560.dir/src.cxx.o  -o cmTC_dd560 -rdynamic 
make[1]: Leaving directory '/home/blue/Downloads/libRaptorQ-0.1.X/build/CMakeFiles/CMakeTmp'

Source file was:
int main() { return 0; }
Performing C++ SOURCE FILE Test RQ_FLAG_CXX__fno_exceptions succeeded with the following output:
Change Dir: /home/blue/Downloads/libRaptorQ-0.1.X/build/CMakeFiles/CMakeTmp

Run Build Command:"/usr/bin/make" "cmTC_a5af2/fast"
/usr/bin/make -f CMakeFiles/cmTC_a5af2.dir/build.make CMakeFiles/cmTC_a5af2.dir/build
make[1]: Entering directory '/home/blue/Downloads/libRaptorQ-0.1.X/build/CMakeFiles/CMakeTmp'
Building CXX object CMakeFiles/cmTC_a5af2.dir/src.cxx.o
/usr/bin/c++     -DRQ_FLAG_CXX__fno_exceptions   -fno-exceptions -o CMakeFiles/cmTC_a5af2.dir/src.cxx.o -c /home/blue/Downloads/libRaptorQ-0.1.X/build/CMakeFiles/CMakeTmp/src.cxx
Linking CXX executable cmTC_a5af2
/usr/bin/cmake -E cmake_link_script CMakeFiles/cmTC_a5af2.dir/link.txt --verbose=1
/usr/bin/c++    -DRQ_FLAG_CXX__fno_exceptions    CMakeFiles/cmTC_a5af2.dir/src.cxx.o  -o cmTC_a5af2 -rdynamic 
make[1]: Leaving directory '/home/blue/Downloads/libRaptorQ-0.1.X/build/CMakeFiles/CMakeTmp'

Source file was:
int main() { return 0; }
Performing C++ SOURCE FILE Test RQ_FLAG_CXX__Wno_unknown_pragmas succeeded with the following output:
Change Dir: /home/blue/Downloads/libRaptorQ-0.1.X/build/CMakeFiles/CMakeTmp

Run Build Command:"/usr/bin/make" "cmTC_137e9/fast"
/usr/bin/make -f CMakeFiles/cmTC_137e9.dir/build.make CMakeFiles/cmTC_137e9.dir/build
make[1]: Entering directory '/home/blue/Downloads/libRaptorQ-0.1.X/build/CMakeFiles/CMakeTmp'
Building CXX object CMakeFiles/cmTC_137e9.dir/src.cxx.o
/usr/bin/c++     -DRQ_FLAG_CXX__Wno_unknown_pragmas   -Wno-unknown-pragmas -o CMakeFiles/cmTC_137e9.dir/src.cxx.o -c /home/blue/Downloads/libRaptorQ-0.1.X/build/CMakeFiles/CMakeTmp/src.cxx
Linking CXX executable cmTC_137e9
/usr/bin/cmake -E cmake_link_script CMakeFiles/cmTC_137e9.dir/link.txt --verbose=1
/usr/bin/c++    -DRQ_FLAG_CXX__Wno_unknown_pragmas    CMakeFiles/cmTC_137e9.dir/src.cxx.o  -o cmTC_137e9 -rdynamic 
make[1]: Leaving directory '/home/blue/Downloads/libRaptorQ-0.1.X/build/CMakeFiles/CMakeTmp'

Source file was:
int main() { return 0; }
Performing C++ SOURCE FILE Test RQ_FLAG_CXX__Wall succeeded with the following output:
Change Dir: /home/blue/Downloads/libRaptorQ-0.1.X/build/CMakeFiles/CMakeTmp

Run Build Command:"/usr/bin/make" "cmTC_f75a9/fast"
/usr/bin/make -f CMakeFiles/cmTC_f75a9.dir/build.make CMakeFiles/cmTC_f75a9.dir/build
make[1]: Entering directory '/home/blue/Downloads/libRaptorQ-0.1.X/build/CMakeFiles/CMakeTmp'
Building CXX object CMakeFiles/cmTC_f75a9.dir/src.cxx.o
/usr/bin/c++     -DRQ_FLAG_CXX__Wall   -Wall -o CMakeFiles/cmTC_f75a9.dir/src.cxx.o -c /home/blue/Downloads/libRaptorQ-0.1.X/build/CMakeFiles/CMakeTmp/src.cxx
Linking CXX executable cmTC_f75a9
/usr/bin/cmake -E cmake_link_script CMakeFiles/cmTC_f75a9.dir/link.txt --verbose=1
/usr/bin/c++    -DRQ_FLAG_CXX__Wall    CMakeFiles/cmTC_f75a9.dir/src.cxx.o  -o cmTC_f75a9 -rdynamic 
make[1]: Leaving directory '/home/blue/Downloads/libRaptorQ-0.1.X/build/CMakeFiles/CMakeTmp'

Source file was:
int main() { return 0; }
Performing C++ SOURCE FILE Test RQ_FLAG_CXX__Wextra succeeded with the following output:
Change Dir: /home/blue/Downloads/libRaptorQ-0.1.X/build/CMakeFiles/CMakeTmp

Run Build Command:"/usr/bin/make" "cmTC_105b4/fast"
/usr/bin/make -f CMakeFiles/cmTC_105b4.dir/build.make CMakeFiles/cmTC_105b4.dir/build
make[1]: Entering directory '/home/blue/Downloads/libRaptorQ-0.1.X/build/CMakeFiles/CMakeTmp'
Building CXX object CMakeFiles/cmTC_105b4.dir/src.cxx.o
/usr/bin/c++     -DRQ_FLAG_CXX__Wextra   -Wextra -o CMakeFiles/cmTC_105b4.dir/src.cxx.o -c /home/blue/Downloads/libRaptorQ-0.1.X/build/CMakeFiles/CMakeTmp/src.cxx
Linking CXX executable cmTC_105b4
/usr/bin/cmake -E cmake_link_script CMakeFiles/cmTC_105b4.dir/link.txt --verbose=1
/usr/bin/c++    -DRQ_FLAG_CXX__Wextra    CMakeFiles/cmTC_105b4.dir/src.cxx.o  -o cmTC_105b4 -rdynamic 
make[1]: Leaving directory '/home/blue/Downloads/libRaptorQ-0.1.X/build/CMakeFiles/CMakeTmp'

Source file was:
int main() { return 0; }
Performing C++ SOURCE FILE Test RQ_FLAG_CXX__pedantic succeeded with the following output:
Change Dir: /home/blue/Downloads/libRaptorQ-0.1.X/build/CMakeFiles/CMakeTmp

Run Build Command:"/usr/bin/make" "cmTC_d13f5/fast"
/usr/bin/make -f CMakeFiles/cmTC_d13f5.dir/build.make CMakeFiles/cmTC_d13f5.dir/build
make[1]: Entering directory '/home/blue/Downloads/libRaptorQ-0.1.X/build/CMakeFiles/CMakeTmp'
Building CXX object CMakeFiles/cmTC_d13f5.dir/src.cxx.o
/usr/bin/c++     -DRQ_FLAG_CXX__pedantic   -pedantic -o CMakeFiles/cmTC_d13f5.dir/src.cxx.o -c /home/blue/Downloads/libRaptorQ-0.1.X/build/CMakeFiles/CMakeTmp/src.cxx
Linking CXX executable cmTC_d13f5
/usr/bin/cmake -E cmake_link_script CMakeFiles/cmTC_d13f5.dir/link.txt --verbose=1
/usr/bin/c++    -DRQ_FLAG_CXX__pedantic    CMakeFiles/cmTC_d13f5.dir/src.cxx.o  -o cmTC_d13f5 -rdynamic 
make[1]: Leaving directory '/home/blue/Downloads/libRaptorQ-0.1.X/build/CMakeFiles/CMakeTmp'

Source file was:
int main() { return 0; }
Performing C++ SOURCE FILE Test RQ_FLAG_CXX__Wno_padded succeeded with the following output:
Change Dir: /home/blue/Downloads/libRaptorQ-0.1.X/build/CMakeFiles/CMakeTmp

Run Build Command:"/usr/bin/make" "cmTC_948e0/fast"
/usr/bin/make -f CMakeFiles/cmTC_948e0.dir/build.make CMakeFiles/cmTC_948e0.dir/build
make[1]: Entering directory '/home/blue/Downloads/libRaptorQ-0.1.X/build/CMakeFiles/CMakeTmp'
Building CXX object CMakeFiles/cmTC_948e0.dir/src.cxx.o
/usr/bin/c++     -DRQ_FLAG_CXX__Wno_padded   -Wno-padded -o CMakeFiles/cmTC_948e0.dir/src.cxx.o -c /home/blue/Downloads/libRaptorQ-0.1.X/build/CMakeFiles/CMakeTmp/src.cxx
Linking CXX executable cmTC_948e0
/usr/bin/cmake -E cmake_link_script CMakeFiles/cmTC_948e0.dir/link.txt --verbose=1
/usr/bin/c++    -DRQ_FLAG_CXX__Wno_padded    CMakeFiles/cmTC_948e0.dir/src.cxx.o  -o cmTC_948e0 -rdynamic 
make[1]: Leaving directory '/home/blue/Downloads/libRaptorQ-0.1.X/build/CMakeFiles/CMakeTmp'

Source file was:
int main() { return 0; }
Performing C++ SOURCE FILE Test RQ_FLAG_CXX__fstack_protector_all succeeded with the following output:
Change Dir: /home/blue/Downloads/libRaptorQ-0.1.X/build/CMakeFiles/CMakeTmp

Run Build Command:"/usr/bin/make" "cmTC_6b172/fast"
/usr/bin/make -f CMakeFiles/cmTC_6b172.dir/build.make CMakeFiles/cmTC_6b172.dir/build
make[1]: Entering directory '/home/blue/Downloads/libRaptorQ-0.1.X/build/CMakeFiles/CMakeTmp'
Building CXX object CMakeFiles/cmTC_6b172.dir/src.cxx.o
/usr/bin/c++     -DRQ_FLAG_CXX__fstack_protector_all   -fstack-protector-all -o CMakeFiles/cmTC_6b172.dir/src.cxx.o -c /home/blue/Downloads/libRaptorQ-0.1.X/build/CMakeFiles/CMakeTmp/src.cxx
Linking CXX executable cmTC_6b172
/usr/bin/cmake -E cmake_link_script CMakeFiles/cmTC_6b172.dir/link.txt --verbose=1
/usr/bin/c++    -DRQ_FLAG_CXX__fstack_protector_all    CMakeFiles/cmTC_6b172.dir/src.cxx.o  -o cmTC_6b172 -rdynamic 
make[1]: Leaving directory '/home/blue/Downloads/libRaptorQ-0.1.X/build/CMakeFiles/CMakeTmp'

Source file was:
int main() { return 0; }
Performing C++ SOURCE FILE Test RQ_FLAG_CXX__fstrict_aliasing succeeded with the following output:
Change Dir: /home/blue/Downloads/libRaptorQ-0.1.X/build/CMakeFiles/CMakeTmp

Run Build Command:"/usr/bin/make" "cmTC_3849f/fast"
/usr/bin/make -f CMakeFiles/cmTC_3849f.dir/build.make CMakeFiles/cmTC_3849f.dir/build
make[1]: Entering directory '/home/blue/Downloads/libRaptorQ-0.1.X/build/CMakeFiles/CMakeTmp'
Building CXX object CMakeFiles/cmTC_3849f.dir/src.cxx.o
/usr/bin/c++     -DRQ_FLAG_CXX__fstrict_aliasing   -fstrict-aliasing -o CMakeFiles/cmTC_3849f.dir/src.cxx.o -c /home/blue/Downloads/libRaptorQ-0.1.X/build/CMakeFiles/CMakeTmp/src.cxx
Linking CXX executable cmTC_3849f
/usr/bin/cmake -E cmake_link_script CMakeFiles/cmTC_3849f.dir/link.txt --verbose=1
/usr/bin/c++    -DRQ_FLAG_CXX__fstrict_aliasing    CMakeFiles/cmTC_3849f.dir/src.cxx.o  -o cmTC_3849f -rdynamic 
make[1]: Leaving directory '/home/blue/Downloads/libRaptorQ-0.1.X/build/CMakeFiles/CMakeTmp'

Source file was:
int main() { return 0; }
Performing C++ SOURCE FILE Test RQ_FLAG_CXX__fwrapv succeeded with the following output:
Change Dir: /home/blue/Downloads/libRaptorQ-0.1.X/build/CMakeFiles/CMakeTmp

Run Build Command:"/usr/bin/make" "cmTC_452d8/fast"
/usr/bin/make -f CMakeFiles/cmTC_452d8.dir/build.make CMakeFiles/cmTC_452d8.dir/build
make[1]: Entering directory '/home/blue/Downloads/libRaptorQ-0.1.X/build/CMakeFiles/CMakeTmp'
Building CXX object CMakeFiles/cmTC_452d8.dir/src.cxx.o
/usr/bin/c++     -DRQ_FLAG_CXX__fwrapv   -fwrapv -o CMakeFiles/cmTC_452d8.dir/src.cxx.o -c /home/blue/Downloads/libRaptorQ-0.1.X/build/CMakeFiles/CMakeTmp/src.cxx
Linking CXX executable cmTC_452d8
/usr/bin/cmake -E cmake_link_script CMakeFiles/cmTC_452d8.dir/link.txt --verbose=1
/usr/bin/c++    -DRQ_FLAG_CXX__fwrapv    CMakeFiles/cmTC_452d8.dir/src.cxx.o  -o cmTC_452d8 -rdynamic 
make[1]: Leaving directory '/home/blue/Downloads/libRaptorQ-0.1.X/build/CMakeFiles/CMakeTmp'

Source file was:
int main() { return 0; }
Performing C++ SOURCE FILE Test RQ_FLAG_CXX__fvisibility_hidden succeeded with the following output:
Change Dir: /home/blue/Downloads/libRaptorQ-0.1.X/build/CMakeFiles/CMakeTmp

Run Build Command:"/usr/bin/make" "cmTC_72b1d/fast"
/usr/bin/make -f CMakeFiles/cmTC_72b1d.dir/build.make CMakeFiles/cmTC_72b1d.dir/build
make[1]: Entering directory '/home/blue/Downloads/libRaptorQ-0.1.X/build/CMakeFiles/CMakeTmp'
Building CXX object CMakeFiles/cmTC_72b1d.dir/src.cxx.o
/usr/bin/c++     -DRQ_FLAG_CXX__fvisibility_hidden   -fvisibility=hidden -o CMakeFiles/cmTC_72b1d.dir/src.cxx.o -c /home/blue/Downloads/libRaptorQ-0.1.X/build/CMakeFiles/CMakeTmp/src.cxx
Linking CXX executable cmTC_72b1d
/usr/bin/cmake -E cmake_link_script CMakeFiles/cmTC_72b1d.dir/link.txt --verbose=1
/usr/bin/c++    -DRQ_FLAG_CXX__fvisibility_hidden    CMakeFiles/cmTC_72b1d.dir/src.cxx.o  -o cmTC_72b1d -rdynamic 
make[1]: Leaving directory '/home/blue/Downloads/libRaptorQ-0.1.X/build/CMakeFiles/CMakeTmp'

Source file was:
int main() { return 0; }
Performing C++ SOURCE FILE Test RQ_FLAG_CXX__fvisibility_inlines_hidden succeeded with the following output:
Change Dir: /home/blue/Downloads/libRaptorQ-0.1.X/build/CMakeFiles/CMakeTmp

Run Build Command:"/usr/bin/make" "cmTC_abd16/fast"
/usr/bin/make -f CMakeFiles/cmTC_abd16.dir/build.make CMakeFiles/cmTC_abd16.dir/build
make[1]: Entering directory '/home/blue/Downloads/libRaptorQ-0.1.X/build/CMakeFiles/CMakeTmp'
Building CXX object CMakeFiles/cmTC_abd16.dir/src.cxx.o
/usr/bin/c++     -DRQ_FLAG_CXX__fvisibility_inlines_hidden   -fvisibility-inlines-hidden -o CMakeFiles/cmTC_abd16.dir/src.cxx.o -c /home/blue/Downloads/libRaptorQ-0.1.X/build/CMakeFiles/CMakeTmp/src.cxx
Linking CXX executable cmTC_abd16
/usr/bin/cmake -E cmake_link_script CMakeFiles/cmTC_abd16.dir/link.txt --verbose=1
/usr/bin/c++    -DRQ_FLAG_CXX__fvisibility_inlines_hidden    CMakeFiles/cmTC_abd16.dir/src.cxx.o  -o cmTC_abd16 -rdynamic 
make[1]: Leaving directory '/home/blue/Downloads/libRaptorQ-0.1.X/build/CMakeFiles/CMakeTmp'

Source file was:
int main() { return 0; }
Performing C++ SOURCE FILE Test RQ_FLAG_CXX__Ofast succeeded with the following output:
Change Dir: /home/blue/Downloads/libRaptorQ-0.1.X/build/CMakeFiles/CMakeTmp

Run Build Command:"/usr/bin/make" "cmTC_699b5/fast"
/usr/bin/make -f CMakeFiles/cmTC_699b5.dir/build.make CMakeFiles/cmTC_699b5.dir/build
make[1]: Entering directory '/home/blue/Downloads/libRaptorQ-0.1.X/build/CMakeFiles/CMakeTmp'
Building CXX object CMakeFiles/cmTC_699b5.dir/src.cxx.o
/usr/bin/c++     -DRQ_FLAG_CXX__Ofast   -Ofast -o CMakeFiles/cmTC_699b5.dir/src.cxx.o -c /home/blue/Downloads/libRaptorQ-0.1.X/build/CMakeFiles/CMakeTmp/src.cxx
Linking CXX executable cmTC_699b5
/usr/bin/cmake -E cmake_link_script CMakeFiles/cmTC_699b5.dir/link.txt --verbose=1
/usr/bin/c++    -DRQ_FLAG_CXX__Ofast    CMakeFiles/cmTC_699b5.dir/src.cxx.o  -o cmTC_699b5 -rdynamic 
make[1]: Leaving directory '/home/blue/Downloads/libRaptorQ-0.1.X/build/CMakeFiles/CMakeTmp'

Source file was:
int main() { return 0; }
Performing C++ SOURCE FILE Test RQ_FLAG_CXX__DNDEBUG succeeded with the following output:
Change Dir: /home/blue/Downloads/libRaptorQ-0.1.X/build/CMakeFiles/CMakeTmp

Run Build Command:"/usr/bin/make" "cmTC_66540/fast"
/usr/bin/make -f CMakeFiles/cmTC_66540.dir/build.make CMakeFiles/cmTC_66540.dir/build
make[1]: Entering directory '/home/blue/Downloads/libRaptorQ-0.1.X/build/CMakeFiles/CMakeTmp'
Building CXX object CMakeFiles/cmTC_66540.dir/src.cxx.o
/usr/bin/c++   -DNDEBUG  -DRQ_FLAG_CXX__DNDEBUG   -o CMakeFiles/cmTC_66540.dir/src.cxx.o -c /home/blue/Downloads/libRaptorQ-0.1.X/build/CMakeFiles/CMakeTmp/src.cxx
Linking CXX executable cmTC_66540
/usr/bin/cmake -E cmake_link_script CMakeFiles/cmTC_66540.dir/link.txt --verbose=1
/usr/bin/c++    -DRQ_FLAG_CXX__DNDEBUG    CMakeFiles/cmTC_66540.dir/src.cxx.o  -o cmTC_66540 -rdynamic 
make[1]: Leaving directory '/home/blue/Downloads/libRaptorQ-0.1.X/build/CMakeFiles/CMakeTmp'

Source file was:
int main() { return 0; }
Performing C++ SOURCE FILE Test RQ_FLAG_CXX__ftree_loop_distribution succeeded with the following output:
Change Dir: /home/blue/Downloads/libRaptorQ-0.1.X/build/CMakeFiles/CMakeTmp

Run Build Command:"/usr/bin/make" "cmTC_284ad/fast"
/usr/bin/make -f CMakeFiles/cmTC_284ad.dir/build.make CMakeFiles/cmTC_284ad.dir/build
make[1]: Entering directory '/home/blue/Downloads/libRaptorQ-0.1.X/build/CMakeFiles/CMakeTmp'
Building CXX object CMakeFiles/cmTC_284ad.dir/src.cxx.o
/usr/bin/c++     -DRQ_FLAG_CXX__ftree_loop_distribution   -ftree-loop-distribution -o CMakeFiles/cmTC_284ad.dir/src.cxx.o -c /home/blue/Downloads/libRaptorQ-0.1.X/build/CMakeFiles/CMakeTmp/src.cxx
Linking CXX executable cmTC_284ad
/usr/bin/cmake -E cmake_link_script CMakeFiles/cmTC_284ad.dir/link.txt --verbose=1
/usr/bin/c++    -DRQ_FLAG_CXX__ftree_loop_distribution    CMakeFiles/cmTC_284ad.dir/src.cxx.o  -o cmTC_284ad -rdynamic 
make[1]: Leaving directory '/home/blue/Downloads/libRaptorQ-0.1.X/build/CMakeFiles/CMakeTmp'

Source file was:
int main() { return 0; }
Performing C++ SOURCE FILE Test RQ_FLAG_CXX__funroll_loops succeeded with the following output:
Change Dir: /home/blue/Downloads/libRaptorQ-0.1.X/build/CMakeFiles/CMakeTmp

Run Build Command:"/usr/bin/make" "cmTC_e04a4/fast"
/usr/bin/make -f CMakeFiles/cmTC_e04a4.dir/build.make CMakeFiles/cmTC_e04a4.dir/build
make[1]: Entering directory '/home/blue/Downloads/libRaptorQ-0.1.X/build/CMakeFiles/CMakeTmp'
Building CXX object CMakeFiles/cmTC_e04a4.dir/src.cxx.o
/usr/bin/c++     -DRQ_FLAG_CXX__funroll_loops   -funroll-loops -o CMakeFiles/cmTC_e04a4.dir/src.cxx.o -c /home/blue/Downloads/libRaptorQ-0.1.X/build/CMakeFiles/CMakeTmp/src.cxx
Linking CXX executable cmTC_e04a4
/usr/bin/cmake -E cmake_link_script CMakeFiles/cmTC_e04a4.dir/link.txt --verbose=1
/usr/bin/c++    -DRQ_FLAG_CXX__funroll_loops    CMakeFiles/cmTC_e04a4.dir/src.cxx.o  -o cmTC_e04a4 -rdynamic 
make[1]: Leaving directory '/home/blue/Downloads/libRaptorQ-0.1.X/build/CMakeFiles/CMakeTmp'

Source file was:
int main() { return 0; }
